{"/home/travis/build/npmtest/node-npmtest-jasmine-node/test.js":{"path":"/home/travis/build/npmtest/node-npmtest-jasmine-node/test.js","s":{"1":2,"2":2,"3":2,"4":2,"5":2,"6":2,"7":2,"8":1,"9":2,"10":2,"11":1,"12":1,"13":1,"14":1,"15":2,"16":2,"17":2,"18":2,"19":1,"20":1,"21":2,"22":2,"23":2,"24":1,"25":1,"26":1,"27":1,"28":1,"29":1,"30":1,"31":1,"32":1,"33":1,"34":1,"35":1,"36":1,"37":1,"38":1,"39":2,"40":2,"41":1,"42":2,"43":2,"44":1,"45":2,"46":2,"47":1,"48":2,"49":2,"50":1,"51":1,"52":1,"53":1,"54":1},"b":{"1":[2,1,1,1],"2":[1,1,1,1],"3":[1,1],"4":[1,1],"5":[1,1],"6":[1,1],"7":[1,1],"8":[1,1],"9":[1,1],"10":[1,1,1],"11":[1,1],"12":[1,1],"13":[1,1],"14":[1,1],"15":[1,1],"16":[1,1],"17":[1,1]},"f":{"1":2,"2":2,"3":2,"4":2,"5":2,"6":1,"7":1,"8":1,"9":2,"10":2,"11":2,"12":2,"13":1},"fnMap":{"1":{"name":"(anonymous_1)","line":12,"loc":{"start":{"line":12,"column":1},"end":{"line":12,"column":13}}},"2":{"name":"(anonymous_2)","line":19,"loc":{"start":{"line":19,"column":5},"end":{"line":19,"column":17}}},"3":{"name":"(anonymous_3)","line":23,"loc":{"start":{"line":23,"column":24},"end":{"line":23,"column":36}}},"4":{"name":"(anonymous_4)","line":61,"loc":{"start":{"line":61,"column":5},"end":{"line":61,"column":17}}},"5":{"name":"(anonymous_5)","line":82,"loc":{"start":{"line":82,"column":5},"end":{"line":82,"column":17}}},"6":{"name":"(anonymous_6)","line":91,"loc":{"start":{"line":91,"column":77},"end":{"line":94,"column":10}}},"7":{"name":"(anonymous_7)","line":112,"loc":{"start":{"line":112,"column":83},"end":{"line":115,"column":10}},"skip":true},"8":{"name":"(anonymous_8)","line":123,"loc":{"start":{"line":123,"column":77},"end":{"line":126,"column":10}},"skip":true},"9":{"name":"(anonymous_9)","line":139,"loc":{"start":{"line":139,"column":12},"end":{"line":139,"column":40}},"skip":true},"10":{"name":"(anonymous_10)","line":147,"loc":{"start":{"line":147,"column":77},"end":{"line":150,"column":10}},"skip":true},"11":{"name":"(anonymous_11)","line":158,"loc":{"start":{"line":158,"column":83},"end":{"line":161,"column":10}},"skip":true},"12":{"name":"(anonymous_12)","line":169,"loc":{"start":{"line":169,"column":79},"end":{"line":172,"column":10}},"skip":true},"13":{"name":"(anonymous_13)","line":180,"loc":{"start":{"line":180,"column":75},"end":{"line":183,"column":10}},"skip":true}},"statementMap":{"1":{"start":{"line":12,"column":0},"end":{"line":195,"column":5}},"2":{"start":{"line":14,"column":4},"end":{"line":14,"column":14}},"3":{"start":{"line":19,"column":4},"end":{"line":56,"column":9}},"4":{"start":{"line":21,"column":8},"end":{"line":21,"column":19}},"5":{"start":{"line":23,"column":8},"end":{"line":35,"column":13}},"6":{"start":{"line":24,"column":12},"end":{"line":34,"column":13}},"7":{"start":{"line":25,"column":16},"end":{"line":28,"column":30}},"8":{"start":{"line":30,"column":16},"end":{"line":33,"column":27}},"9":{"start":{"line":37,"column":8},"end":{"line":39,"column":21}},"10":{"start":{"line":40,"column":8},"end":{"line":53,"column":9}},"11":{"start":{"line":43,"column":12},"end":{"line":46,"column":14}},"12":{"start":{"line":47,"column":12},"end":{"line":47,"column":18}},"13":{"start":{"line":50,"column":12},"end":{"line":51,"column":46}},"14":{"start":{"line":52,"column":12},"end":{"line":52,"column":18}},"15":{"start":{"line":55,"column":8},"end":{"line":55,"column":35}},"16":{"start":{"line":61,"column":4},"end":{"line":63,"column":9}},"17":{"start":{"line":62,"column":8},"end":{"line":62,"column":15}},"18":{"start":{"line":64,"column":4},"end":{"line":77,"column":5}},"19":{"start":{"line":70,"column":8},"end":{"line":70,"column":14}},"20":{"start":{"line":76,"column":8},"end":{"line":76,"column":14}},"21":{"start":{"line":82,"column":4},"end":{"line":84,"column":9}},"22":{"start":{"line":83,"column":8},"end":{"line":83,"column":15}},"23":{"start":{"line":85,"column":4},"end":{"line":194,"column":5}},"24":{"start":{"line":91,"column":8},"end":{"line":99,"column":10}},"25":{"start":{"line":98,"column":12},"end":{"line":98,"column":35}},"26":{"start":{"line":102,"column":8},"end":{"line":104,"column":63}},"27":{"start":{"line":105,"column":8},"end":{"line":105,"column":14}},"28":{"start":{"line":112,"column":8},"end":{"line":121,"column":10},"skip":true},"29":{"start":{"line":119,"column":12},"end":{"line":119,"column":55},"skip":true},"30":{"start":{"line":120,"column":12},"end":{"line":120,"column":48},"skip":true},"31":{"start":{"line":123,"column":8},"end":{"line":136,"column":10},"skip":true},"32":{"start":{"line":130,"column":12},"end":{"line":130,"column":76},"skip":true},"33":{"start":{"line":131,"column":12},"end":{"line":131,"column":73},"skip":true},"34":{"start":{"line":132,"column":12},"end":{"line":132,"column":74},"skip":true},"35":{"start":{"line":133,"column":12},"end":{"line":133,"column":79},"skip":true},"36":{"start":{"line":134,"column":12},"end":{"line":134,"column":25},"skip":true},"37":{"start":{"line":135,"column":12},"end":{"line":135,"column":45},"skip":true},"38":{"start":{"line":138,"column":8},"end":{"line":145,"column":14},"skip":true},"39":{"start":{"line":143,"column":16},"end":{"line":143,"column":29},"skip":true},"40":{"start":{"line":144,"column":16},"end":{"line":144,"column":55},"skip":true},"41":{"start":{"line":147,"column":8},"end":{"line":156,"column":10},"skip":true},"42":{"start":{"line":154,"column":12},"end":{"line":154,"column":25},"skip":true},"43":{"start":{"line":155,"column":12},"end":{"line":155,"column":45},"skip":true},"44":{"start":{"line":158,"column":8},"end":{"line":167,"column":10},"skip":true},"45":{"start":{"line":165,"column":12},"end":{"line":165,"column":25},"skip":true},"46":{"start":{"line":166,"column":12},"end":{"line":166,"column":48},"skip":true},"47":{"start":{"line":169,"column":8},"end":{"line":178,"column":10},"skip":true},"48":{"start":{"line":176,"column":12},"end":{"line":176,"column":25},"skip":true},"49":{"start":{"line":177,"column":12},"end":{"line":177,"column":46},"skip":true},"50":{"start":{"line":180,"column":8},"end":{"line":189,"column":10},"skip":true},"51":{"start":{"line":187,"column":12},"end":{"line":187,"column":94},"skip":true},"52":{"start":{"line":188,"column":12},"end":{"line":188,"column":48},"skip":true},"53":{"start":{"line":192,"column":8},"end":{"line":192,"column":35},"skip":true},"54":{"start":{"line":193,"column":8},"end":{"line":193,"column":14},"skip":true}},"branchMap":{"1":{"line":25,"type":"binary-expr","locations":[{"start":{"line":25,"column":23},"end":{"line":25,"column":62}},{"start":{"line":26,"column":20},"end":{"line":26,"column":70}},{"start":{"line":27,"column":20},"end":{"line":27,"column":71}},{"start":{"line":28,"column":20},"end":{"line":28,"column":29}}]},"2":{"line":30,"type":"binary-expr","locations":[{"start":{"line":30,"column":23},"end":{"line":30,"column":37}},{"start":{"line":31,"column":20},"end":{"line":31,"column":61}},{"start":{"line":32,"column":20},"end":{"line":32,"column":70}},{"start":{"line":33,"column":20},"end":{"line":33,"column":26}}]},"3":{"line":37,"type":"cond-expr","locations":[{"start":{"line":38,"column":14},"end":{"line":38,"column":20}},{"start":{"line":39,"column":14},"end":{"line":39,"column":20}}]},"4":{"line":40,"type":"switch","locations":[{"start":{"line":42,"column":8},"end":{"line":47,"column":18}},{"start":{"line":49,"column":8},"end":{"line":52,"column":18}}]},"5":{"line":44,"type":"binary-expr","locations":[{"start":{"line":44,"column":16},"end":{"line":44,"column":44}},{"start":{"line":44,"column":48},"end":{"line":44,"column":66}}]},"6":{"line":50,"type":"binary-expr","locations":[{"start":{"line":50,"column":21},"end":{"line":50,"column":49}},{"start":{"line":50,"column":53},"end":{"line":50,"column":72}}]},"7":{"line":64,"type":"switch","locations":[{"start":{"line":69,"column":4},"end":{"line":70,"column":14}},{"start":{"line":75,"column":4},"end":{"line":76,"column":14}}]},"8":{"line":85,"type":"switch","locations":[{"start":{"line":90,"column":4},"end":{"line":105,"column":14}},{"start":{"line":111,"column":4},"end":{"line":193,"column":14},"skip":true}]},"9":{"line":91,"type":"binary-expr","locations":[{"start":{"line":91,"column":42},"end":{"line":91,"column":73}},{"start":{"line":91,"column":77},"end":{"line":99,"column":9}}]},"10":{"line":102,"type":"binary-expr","locations":[{"start":{"line":102,"column":18},"end":{"line":102,"column":32}},{"start":{"line":103,"column":12},"end":{"line":103,"column":53}},{"start":{"line":104,"column":12},"end":{"line":104,"column":61}}]},"11":{"line":112,"type":"binary-expr","locations":[{"start":{"line":112,"column":45},"end":{"line":112,"column":79},"skip":true},{"start":{"line":112,"column":83},"end":{"line":121,"column":9},"skip":true}]},"12":{"line":123,"type":"binary-expr","locations":[{"start":{"line":123,"column":42},"end":{"line":123,"column":73},"skip":true},{"start":{"line":123,"column":77},"end":{"line":136,"column":9},"skip":true}]},"13":{"line":138,"type":"binary-expr","locations":[{"start":{"line":138,"column":48},"end":{"line":138,"column":85},"skip":true},{"start":{"line":139,"column":12},"end":{"line":145,"column":13},"skip":true}]},"14":{"line":147,"type":"binary-expr","locations":[{"start":{"line":147,"column":42},"end":{"line":147,"column":73},"skip":true},{"start":{"line":147,"column":77},"end":{"line":156,"column":9},"skip":true}]},"15":{"line":158,"type":"binary-expr","locations":[{"start":{"line":158,"column":45},"end":{"line":158,"column":79},"skip":true},{"start":{"line":158,"column":83},"end":{"line":167,"column":9},"skip":true}]},"16":{"line":169,"type":"binary-expr","locations":[{"start":{"line":169,"column":43},"end":{"line":169,"column":75},"skip":true},{"start":{"line":169,"column":79},"end":{"line":178,"column":9},"skip":true}]},"17":{"line":180,"type":"binary-expr","locations":[{"start":{"line":180,"column":41},"end":{"line":180,"column":71},"skip":true},{"start":{"line":180,"column":75},"end":{"line":189,"column":9},"skip":true}]}},"code":["/* istanbul instrument in package npmtest_jasmine_node */","/*jslint","    bitwise: true,","    browser: true,","    maxerr: 8,","    maxlen: 96,","    node: true,","    nomen: true,","    regexp: true,","    stupid: true","*/","(function () {","    'use strict';","    var local;","","","","    // run shared js-env code - pre-init","    (function () {","        // init local","        local = {};","        // init modeJs","        local.modeJs = (function () {","            try {","                return typeof navigator.userAgent === 'string' &&","                    typeof document.querySelector('body') === 'object' &&","                    typeof XMLHttpRequest.prototype.open === 'function' &&","                    'browser';","            } catch (errorCaughtBrowser) {","                return module.exports &&","                    typeof process.versions.node === 'string' &&","                    typeof require('http').createServer === 'function' &&","                    'node';","            }","        }());","        // init global","        local.global = local.modeJs === 'browser'","            ? window","            : global;","        switch (local.modeJs) {","        // re-init local from window.local","        case 'browser':","            local = local.global.utility2.objectSetDefault(","                local.global.utility2_rollup || local.global.local,","                local.global.utility2","            );","            break;","        // re-init local from example.js","        case 'node':","            local = (local.global.utility2_rollup || require('utility2'))","                .requireExampleJsFromReadme();","            break;","        }","        // export local","        local.global.local = local;","    }());","","","","    // run shared js-env code - function","    (function () {","        return;","    }());","    switch (local.modeJs) {","","","","    // run browser js-env code - function","    case 'browser':","        break;","","","","    // run node js-env code - function","    case 'node':","        break;","    }","","","","    // run shared js-env code - post-init","    (function () {","        return;","    }());","    switch (local.modeJs) {","","","","    // run browser js-env code - post-init","    case 'browser':","        local.testCase_browser_nullCase = local.testCase_browser_nullCase || function (","            options,","            onError","        ) {","        /*","         * this function will test browsers's null-case handling-behavior-behavior","         */","            onError(null, options);","        };","","        // run tests","        local.nop(local.modeTest &&","            document.querySelector('#testRunButton1') &&","            document.querySelector('#testRunButton1').click());","        break;","","","","    // run node js-env code - post-init","    /* istanbul ignore next */","    case 'node':","        local.testCase_buildApidoc_default = local.testCase_buildApidoc_default || function (","            options,","            onError","        ) {","        /*","         * this function will test buildApidoc's default handling-behavior-behavior","         */","            options = { modulePathList: module.paths };","            local.buildApidoc(options, onError);","        };","","        local.testCase_buildApp_default = local.testCase_buildApp_default || function (","            options,","            onError","        ) {","        /*","         * this function will test buildApp's default handling-behavior-behavior","         */","            local.testCase_buildReadme_default(options, local.onErrorThrow);","            local.testCase_buildLib_default(options, local.onErrorThrow);","            local.testCase_buildTest_default(options, local.onErrorThrow);","            local.testCase_buildCustomOrg_default(options, local.onErrorThrow);","            options = [];","            local.buildApp(options, onError);","        };","","        local.testCase_buildCustomOrg_default = local.testCase_buildCustomOrg_default ||","            function (options, onError) {","            /*","             * this function will test buildCustomOrg's default handling-behavior","             */","                options = {};","                local.buildCustomOrg(options, onError);","            };","","        local.testCase_buildLib_default = local.testCase_buildLib_default || function (","            options,","            onError","        ) {","        /*","         * this function will test buildLib's default handling-behavior","         */","            options = {};","            local.buildLib(options, onError);","        };","","        local.testCase_buildReadme_default = local.testCase_buildReadme_default || function (","            options,","            onError","        ) {","        /*","         * this function will test buildReadme's default handling-behavior-behavior","         */","            options = {};","            local.buildReadme(options, onError);","        };","","        local.testCase_buildTest_default = local.testCase_buildTest_default || function (","            options,","            onError","        ) {","        /*","         * this function will test buildTest's default handling-behavior","         */","            options = {};","            local.buildTest(options, onError);","        };","","        local.testCase_webpage_default = local.testCase_webpage_default || function (","            options,","            onError","        ) {","        /*","         * this function will test webpage's default handling-behavior","         */","            options = { modeCoverageMerge: true, url: local.serverLocalHost + '?modeTest=1' };","            local.browserTest(options, onError);","        };","","        // run test-server","        local.testRunServer(local);","        break;","    }","}());",""],"l":{"12":2,"14":2,"19":2,"21":2,"23":2,"24":2,"25":2,"30":1,"37":2,"40":2,"43":1,"47":1,"50":1,"52":1,"55":2,"61":2,"62":2,"64":2,"70":1,"76":1,"82":2,"83":2,"85":2,"91":1,"98":1,"102":1,"105":1,"112":1,"119":1,"120":1,"123":1,"130":1,"131":1,"132":1,"133":1,"134":1,"135":1,"138":1,"143":2,"144":2,"147":1,"154":2,"155":2,"158":1,"165":2,"166":2,"169":1,"176":2,"177":2,"180":1,"187":1,"188":1,"192":1,"193":1}},"/home/travis/build/npmtest/node-npmtest-jasmine-node/lib.npmtest_jasmine_node.js":{"path":"/home/travis/build/npmtest/node-npmtest-jasmine-node/lib.npmtest_jasmine_node.js","s":{"1":2,"2":2,"3":2,"4":2,"5":2,"6":2,"7":2,"8":1,"9":2,"10":2,"11":2,"12":2,"13":1,"14":1,"15":1,"16":1},"b":{"1":[2,1,1,1],"2":[1,1,1,1],"3":[1,1],"4":[2,2],"5":[1,1]},"f":{"1":2,"2":2,"3":2},"fnMap":{"1":{"name":"(anonymous_1)","line":12,"loc":{"start":{"line":12,"column":1},"end":{"line":12,"column":13}}},"2":{"name":"(anonymous_2)","line":19,"loc":{"start":{"line":19,"column":5},"end":{"line":19,"column":17}}},"3":{"name":"(anonymous_3)","line":23,"loc":{"start":{"line":23,"column":24},"end":{"line":23,"column":36}}}},"statementMap":{"1":{"start":{"line":12,"column":0},"end":{"line":53,"column":5}},"2":{"start":{"line":14,"column":4},"end":{"line":14,"column":14}},"3":{"start":{"line":19,"column":4},"end":{"line":52,"column":9}},"4":{"start":{"line":21,"column":8},"end":{"line":21,"column":19}},"5":{"start":{"line":23,"column":8},"end":{"line":35,"column":13}},"6":{"start":{"line":24,"column":12},"end":{"line":34,"column":13}},"7":{"start":{"line":25,"column":16},"end":{"line":28,"column":30}},"8":{"start":{"line":30,"column":16},"end":{"line":33,"column":27}},"9":{"start":{"line":37,"column":8},"end":{"line":39,"column":21}},"10":{"start":{"line":41,"column":8},"end":{"line":41,"column":54}},"11":{"start":{"line":43,"column":8},"end":{"line":43,"column":57}},"12":{"start":{"line":45,"column":8},"end":{"line":51,"column":9}},"13":{"start":{"line":46,"column":12},"end":{"line":46,"column":63}},"14":{"start":{"line":48,"column":12},"end":{"line":48,"column":35}},"15":{"start":{"line":49,"column":12},"end":{"line":49,"column":49}},"16":{"start":{"line":50,"column":12},"end":{"line":50,"column":43}}},"branchMap":{"1":{"line":25,"type":"binary-expr","locations":[{"start":{"line":25,"column":23},"end":{"line":25,"column":62}},{"start":{"line":26,"column":20},"end":{"line":26,"column":70}},{"start":{"line":27,"column":20},"end":{"line":27,"column":71}},{"start":{"line":28,"column":20},"end":{"line":28,"column":29}}]},"2":{"line":30,"type":"binary-expr","locations":[{"start":{"line":30,"column":23},"end":{"line":30,"column":37}},{"start":{"line":31,"column":20},"end":{"line":31,"column":61}},{"start":{"line":32,"column":20},"end":{"line":32,"column":70}},{"start":{"line":33,"column":20},"end":{"line":33,"column":26}}]},"3":{"line":37,"type":"cond-expr","locations":[{"start":{"line":38,"column":14},"end":{"line":38,"column":20}},{"start":{"line":39,"column":14},"end":{"line":39,"column":20}}]},"4":{"line":41,"type":"binary-expr","locations":[{"start":{"line":41,"column":16},"end":{"line":41,"column":44}},{"start":{"line":41,"column":48},"end":{"line":41,"column":53}}]},"5":{"line":45,"type":"if","locations":[{"start":{"line":45,"column":8},"end":{"line":45,"column":8}},{"start":{"line":45,"column":8},"end":{"line":45,"column":8}}]}},"code":["/* istanbul instrument in package npmtest_jasmine_node */","/*jslint","    bitwise: true,","    browser: true,","    maxerr: 8,","    maxlen: 96,","    node: true,","    nomen: true,","    regexp: true,","    stupid: true","*/","(function () {","    'use strict';","    var local;","","","","    // run shared js-env code - pre-init","    (function () {","        // init local","        local = {};","        // init modeJs","        local.modeJs = (function () {","            try {","                return typeof navigator.userAgent === 'string' &&","                    typeof document.querySelector('body') === 'object' &&","                    typeof XMLHttpRequest.prototype.open === 'function' &&","                    'browser';","            } catch (errorCaughtBrowser) {","                return module.exports &&","                    typeof process.versions.node === 'string' &&","                    typeof require('http').createServer === 'function' &&","                    'node';","            }","        }());","        // init global","        local.global = local.modeJs === 'browser'","            ? window","            : global;","        // init utility2_rollup","        local = local.global.utility2_rollup || local;","        // init lib","        local.local = local.npmtest_jasmine_node = local;","        // init exports","        if (local.modeJs === 'browser') {","            local.global.utility2_npmtest_jasmine_node = local;","        } else {","            module.exports = local;","            module.exports.__dirname = __dirname;","            module.exports.module = module;","        }","    }());","}());",""],"l":{"12":2,"14":2,"19":2,"21":2,"23":2,"24":2,"25":2,"30":1,"37":2,"41":2,"43":2,"45":2,"46":1,"48":1,"49":1,"50":1}},"/home/travis/build/npmtest/node-npmtest-jasmine-node/example.js":{"path":"/home/travis/build/npmtest/node-npmtest-jasmine-node/example.js","s":{"1":2,"2":2,"3":2,"4":2,"5":2,"6":2,"7":2,"8":1,"9":2,"10":2,"11":2,"12":2,"13":1,"14":2,"15":2,"16":2,"17":2,"18":2,"19":0,"20":2,"21":1,"22":1,"23":1,"24":1,"25":1,"26":0,"27":0,"28":1,"29":1,"30":2,"31":0,"32":0,"33":0,"34":1,"35":2,"36":2,"37":3,"38":3,"39":3,"40":3,"41":0,"42":3,"43":3,"44":3,"45":1,"46":3,"47":1,"48":1,"49":1,"50":1,"51":1,"52":1,"53":1,"54":1,"55":1,"56":1,"57":0,"58":1,"59":6,"60":6,"61":1,"62":2,"63":0,"64":2,"65":1,"66":1,"67":0,"68":0,"69":0,"70":0,"71":0,"72":0,"73":0,"74":0,"75":0,"76":0,"77":0,"78":0,"79":0,"80":0,"81":0,"82":0,"83":0},"b":{"1":[2,1,1,1],"2":[1,1,1,1],"3":[1,1],"4":[2,2],"5":[1,1],"6":[1,1],"7":[2,0],"8":[2,1,1,1,1,1],"9":[0,2,0],"10":[1,1],"11":[2,1,1],"12":[1,0],"13":[0,2],"14":[2,0,0,0,0,0,0],"15":[0,3],"16":[3,0],"17":[1,1],"18":[0,1],"19":[1,2,0,2],"20":[1,0],"21":[1,1],"22":[0,0],"23":[0,0],"24":[0,0],"25":[0,0],"26":[0,0],"27":[0,0],"28":[0,0]},"f":{"1":2,"2":2,"3":2,"4":2,"5":2,"6":2,"7":3,"8":3,"9":3,"10":1,"11":6,"12":0},"fnMap":{"1":{"name":"(anonymous_1)","line":26,"loc":{"start":{"line":26,"column":1},"end":{"line":26,"column":13}}},"2":{"name":"(anonymous_2)","line":33,"loc":{"start":{"line":33,"column":5},"end":{"line":33,"column":17}}},"3":{"name":"(anonymous_3)","line":37,"loc":{"start":{"line":37,"column":24},"end":{"line":37,"column":36}}},"4":{"name":"(anonymous_4)","line":69,"loc":{"start":{"line":69,"column":31},"end":{"line":69,"column":48}},"skip":true},"5":{"name":"(anonymous_5)","line":78,"loc":{"start":{"line":78,"column":26},"end":{"line":78,"column":45}},"skip":true},"6":{"name":"(anonymous_6)","line":123,"loc":{"start":{"line":123,"column":33},"end":{"line":123,"column":48}},"skip":true},"7":{"name":"(anonymous_7)","line":125,"loc":{"start":{"line":125,"column":27},"end":{"line":125,"column":39}},"skip":true},"8":{"name":"(anonymous_8)","line":133,"loc":{"start":{"line":133,"column":59},"end":{"line":133,"column":74}},"skip":true},"9":{"name":"(anonymous_9)","line":143,"loc":{"start":{"line":143,"column":45},"end":{"line":143,"column":62}},"skip":true},"10":{"name":"(anonymous_10)","line":144,"loc":{"start":{"line":144,"column":73},"end":{"line":144,"column":92}},"skip":true},"11":{"name":"(anonymous_11)","line":272,"loc":{"start":{"line":272,"column":51},"end":{"line":272,"column":77}},"skip":true},"12":{"name":"(anonymous_12)","line":315,"loc":{"start":{"line":315,"column":32},"end":{"line":315,"column":61}},"skip":true}},"statementMap":{"1":{"start":{"line":26,"column":0},"end":{"line":326,"column":5}},"2":{"start":{"line":28,"column":4},"end":{"line":28,"column":14}},"3":{"start":{"line":33,"column":4},"end":{"line":60,"column":9}},"4":{"start":{"line":35,"column":8},"end":{"line":35,"column":19}},"5":{"start":{"line":37,"column":8},"end":{"line":49,"column":13}},"6":{"start":{"line":38,"column":12},"end":{"line":48,"column":13}},"7":{"start":{"line":39,"column":16},"end":{"line":42,"column":30}},"8":{"start":{"line":44,"column":16},"end":{"line":47,"column":27}},"9":{"start":{"line":51,"column":8},"end":{"line":53,"column":21}},"10":{"start":{"line":55,"column":8},"end":{"line":57,"column":45}},"11":{"start":{"line":59,"column":8},"end":{"line":59,"column":35}},"12":{"start":{"line":61,"column":4},"end":{"line":325,"column":5}},"13":{"start":{"line":69,"column":8},"end":{"line":121,"column":10},"skip":true},"14":{"start":{"line":70,"column":12},"end":{"line":88,"column":13},"skip":true},"15":{"start":{"line":76,"column":16},"end":{"line":87,"column":19},"skip":true},"16":{"start":{"line":79,"column":20},"end":{"line":86,"column":21},"skip":true},"17":{"start":{"line":82,"column":24},"end":{"line":82,"column":43},"skip":true},"18":{"start":{"line":83,"column":24},"end":{"line":83,"column":30},"skip":true},"19":{"start":{"line":85,"column":24},"end":{"line":85,"column":49},"skip":true},"20":{"start":{"line":89,"column":12},"end":{"line":107,"column":13},"skip":true},"21":{"start":{"line":92,"column":16},"end":{"line":102,"column":17},"skip":true},"22":{"start":{"line":93,"column":20},"end":{"line":93,"column":86},"skip":true},"23":{"start":{"line":94,"column":20},"end":{"line":95,"column":45},"skip":true},"24":{"start":{"line":96,"column":20},"end":{"line":96,"column":42},"skip":true},"25":{"start":{"line":97,"column":20},"end":{"line":97,"column":48},"skip":true},"26":{"start":{"line":100,"column":20},"end":{"line":100,"column":85},"skip":true},"27":{"start":{"line":101,"column":20},"end":{"line":101,"column":96},"skip":true},"28":{"start":{"line":103,"column":16},"end":{"line":103,"column":22},"skip":true},"29":{"start":{"line":106,"column":16},"end":{"line":106,"column":22},"skip":true},"30":{"start":{"line":108,"column":12},"end":{"line":120,"column":13},"skip":true},"31":{"start":{"line":114,"column":16},"end":{"line":119,"column":17},"skip":true},"32":{"start":{"line":116,"column":20},"end":{"line":116,"column":78},"skip":true},"33":{"start":{"line":118,"column":20},"end":{"line":118,"column":47},"skip":true},"34":{"start":{"line":123,"column":8},"end":{"line":141,"column":11},"skip":true},"35":{"start":{"line":124,"column":12},"end":{"line":124,"column":54},"skip":true},"36":{"start":{"line":125,"column":12},"end":{"line":140,"column":14},"skip":true},"37":{"start":{"line":126,"column":16},"end":{"line":126,"column":28},"skip":true},"38":{"start":{"line":127,"column":16},"end":{"line":127,"column":69},"skip":true},"39":{"start":{"line":128,"column":16},"end":{"line":128,"column":75},"skip":true},"40":{"start":{"line":129,"column":16},"end":{"line":131,"column":17},"skip":true},"41":{"start":{"line":130,"column":20},"end":{"line":130,"column":27},"skip":true},"42":{"start":{"line":133,"column":16},"end":{"line":137,"column":36},"skip":true},"43":{"start":{"line":134,"column":20},"end":{"line":136,"column":55},"skip":true},"44":{"start":{"line":139,"column":16},"end":{"line":139,"column":57},"skip":true},"45":{"start":{"line":143,"column":8},"end":{"line":147,"column":11},"skip":true},"46":{"start":{"line":144,"column":12},"end":{"line":146,"column":15},"skip":true},"47":{"start":{"line":145,"column":16},"end":{"line":145,"column":70},"skip":true},"48":{"start":{"line":149,"column":8},"end":{"line":149,"column":31},"skip":true},"49":{"start":{"line":150,"column":8},"end":{"line":150,"column":14},"skip":true},"50":{"start":{"line":158,"column":8},"end":{"line":158,"column":31},"skip":true},"51":{"start":{"line":160,"column":8},"end":{"line":160,"column":33},"skip":true},"52":{"start":{"line":161,"column":8},"end":{"line":161,"column":37},"skip":true},"53":{"start":{"line":162,"column":8},"end":{"line":162,"column":35},"skip":true},"54":{"start":{"line":164,"column":8},"end":{"line":164,"column":50},"skip":true},"55":{"start":{"line":166,"column":8},"end":{"line":256,"column":2},"skip":true},"56":{"start":{"line":258,"column":8},"end":{"line":286,"column":9},"skip":true},"57":{"start":{"line":259,"column":12},"end":{"line":269,"column":14},"skip":true},"58":{"start":{"line":271,"column":12},"end":{"line":285,"column":19},"skip":true},"59":{"start":{"line":274,"column":20},"end":{"line":274,"column":35},"skip":true},"60":{"start":{"line":275,"column":20},"end":{"line":284,"column":21},"skip":true},"61":{"start":{"line":277,"column":24},"end":{"line":277,"column":64},"skip":true},"62":{"start":{"line":279,"column":24},"end":{"line":279,"column":40},"skip":true},"63":{"start":{"line":281,"column":24},"end":{"line":281,"column":40},"skip":true},"64":{"start":{"line":283,"column":24},"end":{"line":283,"column":39},"skip":true},"65":{"start":{"line":288,"column":8},"end":{"line":290,"column":9},"skip":true},"66":{"start":{"line":289,"column":12},"end":{"line":289,"column":18},"skip":true},"67":{"start":{"line":291,"column":8},"end":{"line":293,"column":54},"skip":true},"68":{"start":{"line":296,"column":8},"end":{"line":301,"column":37},"skip":true},"69":{"start":{"line":303,"column":8},"end":{"line":303,"column":82},"skip":true},"70":{"start":{"line":306,"column":8},"end":{"line":308,"column":9},"skip":true},"71":{"start":{"line":307,"column":12},"end":{"line":307,"column":82},"skip":true},"72":{"start":{"line":310,"column":8},"end":{"line":312,"column":9},"skip":true},"73":{"start":{"line":311,"column":12},"end":{"line":311,"column":18},"skip":true},"74":{"start":{"line":313,"column":8},"end":{"line":313,"column":54},"skip":true},"75":{"start":{"line":314,"column":8},"end":{"line":314,"column":69},"skip":true},"76":{"start":{"line":315,"column":8},"end":{"line":323,"column":36},"skip":true},"77":{"start":{"line":316,"column":12},"end":{"line":316,"column":61},"skip":true},"78":{"start":{"line":317,"column":12},"end":{"line":320,"column":13},"skip":true},"79":{"start":{"line":318,"column":16},"end":{"line":318,"column":75},"skip":true},"80":{"start":{"line":319,"column":16},"end":{"line":319,"column":23},"skip":true},"81":{"start":{"line":321,"column":12},"end":{"line":321,"column":38},"skip":true},"82":{"start":{"line":322,"column":12},"end":{"line":322,"column":27},"skip":true},"83":{"start":{"line":324,"column":8},"end":{"line":324,"column":14},"skip":true}},"branchMap":{"1":{"line":39,"type":"binary-expr","locations":[{"start":{"line":39,"column":23},"end":{"line":39,"column":62}},{"start":{"line":40,"column":20},"end":{"line":40,"column":70}},{"start":{"line":41,"column":20},"end":{"line":41,"column":71}},{"start":{"line":42,"column":20},"end":{"line":42,"column":29}}]},"2":{"line":44,"type":"binary-expr","locations":[{"start":{"line":44,"column":23},"end":{"line":44,"column":37}},{"start":{"line":45,"column":20},"end":{"line":45,"column":61}},{"start":{"line":46,"column":20},"end":{"line":46,"column":70}},{"start":{"line":47,"column":20},"end":{"line":47,"column":26}}]},"3":{"line":51,"type":"cond-expr","locations":[{"start":{"line":52,"column":14},"end":{"line":52,"column":20}},{"start":{"line":53,"column":14},"end":{"line":53,"column":20}}]},"4":{"line":55,"type":"binary-expr","locations":[{"start":{"line":55,"column":16},"end":{"line":55,"column":44}},{"start":{"line":55,"column":49},"end":{"line":57,"column":43}}]},"5":{"line":55,"type":"cond-expr","locations":[{"start":{"line":56,"column":14},"end":{"line":56,"column":56}},{"start":{"line":57,"column":14},"end":{"line":57,"column":43}}]},"6":{"line":61,"type":"switch","locations":[{"start":{"line":68,"column":4},"end":{"line":150,"column":14},"skip":true},{"start":{"line":156,"column":4},"end":{"line":324,"column":14},"skip":true}]},"7":{"line":70,"type":"if","locations":[{"start":{"line":70,"column":12},"end":{"line":70,"column":12},"skip":true},{"start":{"line":70,"column":12},"end":{"line":70,"column":12},"skip":true}]},"8":{"line":70,"type":"binary-expr","locations":[{"start":{"line":70,"column":16},"end":{"line":70,"column":22},"skip":true},{"start":{"line":70,"column":27},"end":{"line":70,"column":32},"skip":true},{"start":{"line":71,"column":20},"end":{"line":71,"column":39},"skip":true},{"start":{"line":72,"column":20},"end":{"line":72,"column":49},"skip":true},{"start":{"line":73,"column":20},"end":{"line":73,"column":58},"skip":true},{"start":{"line":74,"column":20},"end":{"line":74,"column":69},"skip":true}]},"9":{"line":79,"type":"switch","locations":[{"start":{"line":80,"column":20},"end":{"line":80,"column":33},"skip":true},{"start":{"line":81,"column":20},"end":{"line":83,"column":30},"skip":true},{"start":{"line":84,"column":20},"end":{"line":85,"column":49},"skip":true}]},"10":{"line":89,"type":"switch","locations":[{"start":{"line":90,"column":12},"end":{"line":103,"column":22},"skip":true},{"start":{"line":105,"column":12},"end":{"line":106,"column":22},"skip":true}]},"11":{"line":89,"type":"binary-expr","locations":[{"start":{"line":89,"column":20},"end":{"line":89,"column":25},"skip":true},{"start":{"line":89,"column":29},"end":{"line":89,"column":48},"skip":true},{"start":{"line":89,"column":52},"end":{"line":89,"column":74},"skip":true}]},"12":{"line":92,"type":"if","locations":[{"start":{"line":92,"column":16},"end":{"line":92,"column":16},"skip":true},{"start":{"line":92,"column":16},"end":{"line":92,"column":16},"skip":true}]},"13":{"line":108,"type":"if","locations":[{"start":{"line":108,"column":12},"end":{"line":108,"column":12},"skip":true},{"start":{"line":108,"column":12},"end":{"line":108,"column":12},"skip":true}]},"14":{"line":108,"type":"binary-expr","locations":[{"start":{"line":108,"column":16},"end":{"line":108,"column":61},"skip":true},{"start":{"line":108,"column":66},"end":{"line":108,"column":72},"skip":true},{"start":{"line":108,"column":77},"end":{"line":108,"column":82},"skip":true},{"start":{"line":109,"column":20},"end":{"line":109,"column":39},"skip":true},{"start":{"line":110,"column":20},"end":{"line":110,"column":49},"skip":true},{"start":{"line":111,"column":20},"end":{"line":111,"column":58},"skip":true},{"start":{"line":112,"column":20},"end":{"line":112,"column":68},"skip":true}]},"15":{"line":129,"type":"if","locations":[{"start":{"line":129,"column":16},"end":{"line":129,"column":16},"skip":true},{"start":{"line":129,"column":16},"end":{"line":129,"column":16},"skip":true}]},"16":{"line":134,"type":"cond-expr","locations":[{"start":{"line":135,"column":26},"end":{"line":135,"column":29},"skip":true},{"start":{"line":136,"column":26},"end":{"line":136,"column":54},"skip":true}]},"17":{"line":164,"type":"binary-expr","locations":[{"start":{"line":164,"column":27},"end":{"line":164,"column":43},"skip":true},{"start":{"line":164,"column":47},"end":{"line":164,"column":49},"skip":true}]},"18":{"line":258,"type":"if","locations":[{"start":{"line":258,"column":8},"end":{"line":258,"column":8},"skip":true},{"start":{"line":258,"column":8},"end":{"line":258,"column":8},"skip":true}]},"19":{"line":275,"type":"switch","locations":[{"start":{"line":276,"column":20},"end":{"line":277,"column":64},"skip":true},{"start":{"line":278,"column":20},"end":{"line":279,"column":40},"skip":true},{"start":{"line":280,"column":20},"end":{"line":281,"column":40},"skip":true},{"start":{"line":282,"column":20},"end":{"line":283,"column":39},"skip":true}]},"20":{"line":288,"type":"if","locations":[{"start":{"line":288,"column":8},"end":{"line":288,"column":8},"skip":true},{"start":{"line":288,"column":8},"end":{"line":288,"column":8},"skip":true}]},"21":{"line":288,"type":"binary-expr","locations":[{"start":{"line":288,"column":12},"end":{"line":288,"column":40},"skip":true},{"start":{"line":288,"column":44},"end":{"line":288,"column":67},"skip":true}]},"22":{"line":292,"type":"binary-expr","locations":[{"start":{"line":292,"column":12},"end":{"line":292,"column":50},"skip":true},{"start":{"line":293,"column":12},"end":{"line":293,"column":53},"skip":true}]},"23":{"line":297,"type":"binary-expr","locations":[{"start":{"line":297,"column":12},"end":{"line":297,"column":70},"skip":true},{"start":{"line":298,"column":12},"end":{"line":301,"column":36},"skip":true}]},"24":{"line":303,"type":"binary-expr","locations":[{"start":{"line":303,"column":43},"end":{"line":303,"column":75},"skip":true},{"start":{"line":303,"column":79},"end":{"line":303,"column":81},"skip":true}]},"25":{"line":306,"type":"if","locations":[{"start":{"line":306,"column":8},"end":{"line":306,"column":8},"skip":true},{"start":{"line":306,"column":8},"end":{"line":306,"column":8},"skip":true}]},"26":{"line":310,"type":"if","locations":[{"start":{"line":310,"column":8},"end":{"line":310,"column":8},"skip":true},{"start":{"line":310,"column":8},"end":{"line":310,"column":8},"skip":true}]},"27":{"line":313,"type":"binary-expr","locations":[{"start":{"line":313,"column":27},"end":{"line":313,"column":43},"skip":true},{"start":{"line":313,"column":47},"end":{"line":313,"column":53},"skip":true}]},"28":{"line":317,"type":"if","locations":[{"start":{"line":317,"column":12},"end":{"line":317,"column":12},"skip":true},{"start":{"line":317,"column":12},"end":{"line":317,"column":12},"skip":true}]}},"code":["/*","example.js","","quickstart example","","instruction","    1. save this script as example.js","    2. run the shell command:","        $ npm install npmtest-jasmine-node && PORT=8081 node example.js","    3. play with the browser-demo on http://127.0.0.1:8081","*/","","","","/* istanbul instrument in package npmtest_jasmine_node */","/*jslint","    bitwise: true,","    browser: true,","    maxerr: 8,","    maxlen: 96,","    node: true,","    nomen: true,","    regexp: true,","    stupid: true","*/","(function () {","    'use strict';","    var local;","","","","    // run shared js-env code - pre-init","    (function () {","        // init local","        local = {};","        // init modeJs","        local.modeJs = (function () {","            try {","                return typeof navigator.userAgent === 'string' &&","                    typeof document.querySelector('body') === 'object' &&","                    typeof XMLHttpRequest.prototype.open === 'function' &&","                    'browser';","            } catch (errorCaughtBrowser) {","                return module.exports &&","                    typeof process.versions.node === 'string' &&","                    typeof require('http').createServer === 'function' &&","                    'node';","            }","        }());","        // init global","        local.global = local.modeJs === 'browser'","            ? window","            : global;","        // init utility2_rollup","        local = local.global.utility2_rollup || (local.modeJs === 'browser'","            ? local.global.utility2_npmtest_jasmine_node","            : global.utility2_moduleExports);","        // export local","        local.global.local = local;","    }());","    switch (local.modeJs) {","","","","    // post-init","    // run browser js-env code - post-init","    /* istanbul ignore next */","    case 'browser':","        local.testRunBrowser = function (event) {","            if (!event || (event &&","                    event.currentTarget &&","                    event.currentTarget.className &&","                    event.currentTarget.className.includes &&","                    event.currentTarget.className.includes('onreset'))) {","                // reset output","                Array.from(","                    document.querySelectorAll('body > .resettable')","                ).forEach(function (element) {","                    switch (element.tagName) {","                    case 'INPUT':","                    case 'TEXTAREA':","                        element.value = '';","                        break;","                    default:","                        element.textContent = '';","                    }","                });","            }","            switch (event && event.currentTarget && event.currentTarget.id) {","            case 'testRunButton1':","                // show tests","                if (document.querySelector('#testReportDiv1').style.display === 'none') {","                    document.querySelector('#testReportDiv1').style.display = 'block';","                    document.querySelector('#testRunButton1').textContent =","                        'hide internal test';","                    local.modeTest = true;","                    local.testRunDefault(local);","                // hide tests","                } else {","                    document.querySelector('#testReportDiv1').style.display = 'none';","                    document.querySelector('#testRunButton1').textContent = 'run internal test';","                }","                break;","            // custom-case","            default:","                break;","            }","            if (document.querySelector('#inputTextareaEval1') && (!event || (event &&","                    event.currentTarget &&","                    event.currentTarget.className &&","                    event.currentTarget.className.includes &&","                    event.currentTarget.className.includes('oneval')))) {","                // try to eval input-code","                try {","                    /*jslint evil: true*/","                    eval(document.querySelector('#inputTextareaEval1').value);","                } catch (errorCaught) {","                    console.error(errorCaught);","                }","            }","        };","        // log stderr and stdout to #outputTextareaStdout1","        ['error', 'log'].forEach(function (key) {","            console[key + '_original'] = console[key];","            console[key] = function () {","                var element;","                console[key + '_original'].apply(console, arguments);","                element = document.querySelector('#outputTextareaStdout1');","                if (!element) {","                    return;","                }","                // append text to #outputTextareaStdout1","                element.value += Array.from(arguments).map(function (arg) {","                    return typeof arg === 'string'","                        ? arg","                        : JSON.stringify(arg, null, 4);","                }).join(' ') + '\\n';","                // scroll textarea to bottom","                element.scrollTop = element.scrollHeight;","            };","        });","        // init event-handling","        ['change', 'click', 'keyup'].forEach(function (event) {","            Array.from(document.querySelectorAll('.on' + event)).forEach(function (element) {","                element.addEventListener(event, local.testRunBrowser);","            });","        });","        // run tests","        local.testRunBrowser();","        break;","","","","    // run node js-env code - post-init","    /* istanbul ignore next */","    case 'node':","        // export local","        module.exports = local;","        // require modules","        local.fs = require('fs');","        local.http = require('http');","        local.url = require('url');","        // init assets","        local.assetsDict = local.assetsDict || {};","        /* jslint-ignore-begin */","        local.assetsDict['/assets.index.template.html'] = '\\","<!doctype html>\\n\\","<html lang=\"en\">\\n\\","<head>\\n\\","<meta charset=\"UTF-8\">\\n\\","<meta name=\"viewport\" content=\"width=device-width, initial-scale=1\">\\n\\","<title>{{env.npm_package_name}} (v{{env.npm_package_version}})</title>\\n\\","<style>\\n\\","/*csslint\\n\\","    box-sizing: false,\\n\\","    universal-selector: false\\n\\","*/\\n\\","* {\\n\\","    box-sizing: border-box;\\n\\","}\\n\\","body {\\n\\","    background: #dde;\\n\\","    font-family: Arial, Helvetica, sans-serif;\\n\\","    margin: 2rem;\\n\\","}\\n\\","body > * {\\n\\","    margin-bottom: 1rem;\\n\\","}\\n\\",".utility2FooterDiv {\\n\\","    margin-top: 20px;\\n\\","    text-align: center;\\n\\","}\\n\\","</style>\\n\\","<style>\\n\\","/*csslint\\n\\","*/\\n\\","textarea {\\n\\","    font-family: monospace;\\n\\","    height: 10rem;\\n\\","    width: 100%;\\n\\","}\\n\\","textarea[readonly] {\\n\\","    background: #ddd;\\n\\","}\\n\\","</style>\\n\\","</head>\\n\\","<body>\\n\\","<!-- utility2-comment\\n\\","<div id=\"ajaxProgressDiv1\" style=\"background: #d00; height: 2px; left: 0; margin: 0; padding: 0; position: fixed; top: 0; transition: background 0.5s, width 1.5s; width: 25%;\"></div>\\n\\","utility2-comment -->\\n\\","<h1>\\n\\","<!-- utility2-comment\\n\\","    <a\\n\\","        {{#if env.npm_package_homepage}}\\n\\","        href=\"{{env.npm_package_homepage}}\"\\n\\","        {{/if env.npm_package_homepage}}\\n\\","        target=\"_blank\"\\n\\","    >\\n\\","utility2-comment -->\\n\\","        {{env.npm_package_name}} (v{{env.npm_package_version}})\\n\\","<!-- utility2-comment\\n\\","    </a>\\n\\","utility2-comment -->\\n\\","</h1>\\n\\","<h3>{{env.npm_package_description}}</h3>\\n\\","<!-- utility2-comment\\n\\","<h4><a download href=\"assets.app.js\">download standalone app</a></h4>\\n\\","<button class=\"onclick onreset\" id=\"testRunButton1\">run internal test</button><br>\\n\\","<div id=\"testReportDiv1\" style=\"display: none;\"></div>\\n\\","utility2-comment -->\\n\\","\\n\\","\\n\\","\\n\\","<label>stderr and stdout</label>\\n\\","<textarea class=\"resettable\" id=\"outputTextareaStdout1\" readonly></textarea>\\n\\","<!-- utility2-comment\\n\\","{{#if isRollup}}\\n\\","<script src=\"assets.app.js\"></script>\\n\\","{{#unless isRollup}}\\n\\","utility2-comment -->\\n\\","<script src=\"assets.utility2.rollup.js\"></script>\\n\\","<script src=\"jsonp.utility2._stateInit?callback=window.utility2._stateInit\"></script>\\n\\","<script src=\"assets.npmtest_jasmine_node.rollup.js\"></script>\\n\\","<script src=\"assets.example.js\"></script>\\n\\","<script src=\"assets.test.js\"></script>\\n\\","<!-- utility2-comment\\n\\","{{/if isRollup}}\\n\\","utility2-comment -->\\n\\","<div class=\"utility2FooterDiv\">\\n\\","    [ this app was created with\\n\\","    <a href=\"https://github.com/kaizhu256/node-utility2\" target=\"_blank\">utility2</a>\\n\\","    ]\\n\\","</div>\\n\\","</body>\\n\\","</html>\\n\\","';","        /* jslint-ignore-end */","        if (local.templateRender) {","            local.assetsDict['/'] = local.templateRender(","                local.assetsDict['/assets.index.template.html'],","                {","                    env: local.objectSetDefault(local.env, {","                        npm_package_description: 'the greatest app in the world!',","                        npm_package_name: 'my-app',","                        npm_package_nameAlias: 'my_app',","                        npm_package_version: '0.0.1'","                    })","                }","            );","        } else {","            local.assetsDict['/'] = local.assetsDict['/assets.index.template.html']","                .replace((/\\{\\{env\\.(\\w+?)\\}\\}/g), function (match0, match1) {","                    // jslint-hack","                    String(match0);","                    switch (match1) {","                    case 'npm_package_description':","                        return 'the greatest app in the world!';","                    case 'npm_package_name':","                        return 'my-app';","                    case 'npm_package_nameAlias':","                        return 'my_app';","                    case 'npm_package_version':","                        return '0.0.1';","                    }","                });","        }","        // run the cli","        if (local.global.utility2_rollup || module !== require.main) {","            break;","        }","        local.assetsDict['/assets.example.js'] =","            local.assetsDict['/assets.example.js'] ||","            local.fs.readFileSync(__filename, 'utf8');","        // bug-workaround - long $npm_package_buildCustomOrg","        /* jslint-ignore-begin */","        local.assetsDict['/assets.npmtest_jasmine_node.rollup.js'] =","            local.assetsDict['/assets.npmtest_jasmine_node.rollup.js'] ||","            local.fs.readFileSync(","                local.npmtest_jasmine_node.__dirname + '/lib.npmtest_jasmine_node.js',","                'utf8'","            ).replace((/^#!/), '//');","        /* jslint-ignore-end */","        local.assetsDict['/favicon.ico'] = local.assetsDict['/favicon.ico'] || '';","        // if $npm_config_timeout_exit exists,","        // then exit this process after $npm_config_timeout_exit ms","        if (Number(process.env.npm_config_timeout_exit)) {","            setTimeout(process.exit, Number(process.env.npm_config_timeout_exit));","        }","        // start server","        if (local.global.utility2_serverHttp1) {","            break;","        }","        process.env.PORT = process.env.PORT || '8081';","        console.error('server starting on port ' + process.env.PORT);","        local.http.createServer(function (request, response) {","            request.urlParsed = local.url.parse(request.url);","            if (local.assetsDict[request.urlParsed.pathname] !== undefined) {","                response.end(local.assetsDict[request.urlParsed.pathname]);","                return;","            }","            response.statusCode = 404;","            response.end();","        }).listen(process.env.PORT);","        break;","    }","}());",""],"l":{"26":2,"28":2,"33":2,"35":2,"37":2,"38":2,"39":2,"44":1,"51":2,"55":2,"59":2,"61":2,"69":1,"70":2,"76":2,"79":2,"82":2,"83":2,"85":1,"89":2,"92":1,"93":1,"94":1,"96":1,"97":1,"100":1,"101":1,"103":1,"106":1,"108":2,"114":1,"116":1,"118":1,"123":1,"124":2,"125":2,"126":3,"127":3,"128":3,"129":3,"130":1,"133":3,"134":3,"139":3,"143":1,"144":3,"145":1,"149":1,"150":1,"158":1,"160":1,"161":1,"162":1,"164":1,"166":1,"258":1,"259":1,"271":1,"274":6,"275":6,"277":1,"279":2,"281":1,"283":2,"288":1,"289":1,"291":1,"296":1,"303":1,"306":1,"307":1,"310":1,"311":1,"313":1,"314":1,"315":1,"316":1,"317":1,"318":1,"319":1,"321":1,"322":1,"324":1}},"/home/travis/build/npmtest/node-npmtest-jasmine-node/node_modules/jasmine-node/lib/jasmine-node/index.js":{"path":"/home/travis/build/npmtest/node-npmtest-jasmine-node/node_modules/jasmine-node/lib/jasmine-node/index.js","s":{"1":1,"2":1,"3":1,"4":1,"5":1,"6":0,"7":1,"8":1,"9":1,"10":1,"11":1,"12":1,"13":1,"14":1,"15":1,"16":1,"17":1,"18":1,"19":1,"20":1,"21":1,"22":1,"23":1,"24":0,"25":0,"26":0,"27":0,"28":0,"29":0,"30":0,"31":0,"32":0,"33":0,"34":0,"35":0,"36":0,"37":0,"38":0,"39":1,"40":0,"41":0,"42":0,"43":0,"44":0,"45":0,"46":0,"47":1,"48":0,"49":0,"50":0,"51":0,"52":0,"53":0,"54":0,"55":0,"56":0,"57":0,"58":0,"59":0,"60":0,"61":0,"62":0,"63":0,"64":0,"65":0,"66":0,"67":0,"68":0,"69":0,"70":0,"71":0,"72":0,"73":0,"74":0,"75":0,"76":0,"77":0,"78":0,"79":0,"80":0,"81":0,"82":0,"83":0,"84":0,"85":0,"86":0,"87":0,"88":0,"89":0,"90":0,"91":1,"92":0,"93":1,"94":0,"95":0,"96":0,"97":0,"98":0,"99":0,"100":0,"101":0,"102":0,"103":0,"104":0,"105":1,"106":1,"107":0,"108":1,"109":0,"110":1,"111":61},"b":{"1":[1,0],"2":[1,0],"3":[0,0],"4":[0,0],"5":[0,0],"6":[0,0],"7":[0,0],"8":[0,0],"9":[0,0],"10":[0,0],"11":[0,0],"12":[0,0],"13":[0,0],"14":[0,0],"15":[0,0],"16":[0,0],"17":[0,0],"18":[0,0]},"f":{"1":0,"2":0,"3":0,"4":0,"5":0,"6":0,"7":0,"8":0,"9":0,"10":0,"11":0,"12":0,"13":0},"fnMap":{"1":{"name":"(anonymous_1)","line":41,"loc":{"start":{"line":41,"column":30},"end":{"line":41,"column":56}}},"2":{"name":"removeJasmineFrames","line":72,"loc":{"start":{"line":72,"column":0},"end":{"line":72,"column":35}}},"3":{"name":"(anonymous_3)","line":78,"loc":{"start":{"line":78,"column":27},"end":{"line":78,"column":41}}},"4":{"name":"(anonymous_4)","line":86,"loc":{"start":{"line":86,"column":31},"end":{"line":86,"column":48}}},"5":{"name":"(anonymous_5)","line":99,"loc":{"start":{"line":99,"column":7},"end":{"line":99,"column":37}}},"6":{"name":"(anonymous_6)","line":102,"loc":{"start":{"line":102,"column":15},"end":{"line":102,"column":39}}},"7":{"name":"(anonymous_7)","line":105,"loc":{"start":{"line":105,"column":14},"end":{"line":105,"column":38}}},"8":{"name":"now","line":172,"loc":{"start":{"line":172,"column":0},"end":{"line":172,"column":14}}},"9":{"name":"(anonymous_9)","line":176,"loc":{"start":{"line":176,"column":24},"end":{"line":176,"column":34}}},"10":{"name":"innerWait","line":180,"loc":{"start":{"line":180,"column":3},"end":{"line":180,"column":23}}},"11":{"name":"(anonymous_11)","line":182,"loc":{"start":{"line":182,"column":9},"end":{"line":182,"column":20}}},"12":{"name":"(anonymous_12)","line":194,"loc":{"start":{"line":194,"column":24},"end":{"line":194,"column":34}}},"13":{"name":"print","line":198,"loc":{"start":{"line":198,"column":0},"end":{"line":198,"column":20}}}},"statementMap":{"1":{"start":{"line":1,"column":0},"end":{"line":1,"column":23}},"2":{"start":{"line":2,"column":0},"end":{"line":2,"column":31}},"3":{"start":{"line":3,"column":0},"end":{"line":3,"column":9}},"4":{"start":{"line":4,"column":0},"end":{"line":8,"column":1}},"5":{"start":{"line":5,"column":2},"end":{"line":5,"column":24}},"6":{"start":{"line":7,"column":2},"end":{"line":7,"column":23}},"7":{"start":{"line":10,"column":0},"end":{"line":10,"column":27}},"8":{"start":{"line":12,"column":0},"end":{"line":12,"column":47}},"9":{"start":{"line":13,"column":0},"end":{"line":13,"column":61}},"10":{"start":{"line":14,"column":0},"end":{"line":21,"column":1}},"11":{"start":{"line":15,"column":2},"end":{"line":20,"column":4}},"12":{"start":{"line":23,"column":0},"end":{"line":23,"column":36}},"13":{"start":{"line":26,"column":0},"end":{"line":26,"column":75}},"14":{"start":{"line":29,"column":0},"end":{"line":31,"column":1}},"15":{"start":{"line":30,"column":2},"end":{"line":30,"column":23}},"16":{"start":{"line":32,"column":0},"end":{"line":32,"column":28}},"17":{"start":{"line":33,"column":0},"end":{"line":33,"column":29}},"18":{"start":{"line":34,"column":0},"end":{"line":34,"column":54}},"19":{"start":{"line":35,"column":0},"end":{"line":35,"column":72}},"20":{"start":{"line":36,"column":0},"end":{"line":36,"column":58}},"21":{"start":{"line":37,"column":0},"end":{"line":37,"column":58}},"22":{"start":{"line":38,"column":0},"end":{"line":38,"column":58}},"23":{"start":{"line":41,"column":0},"end":{"line":70,"column":2}},"24":{"start":{"line":44,"column":2},"end":{"line":44,"column":36}},"25":{"start":{"line":45,"column":2},"end":{"line":47,"column":3}},"26":{"start":{"line":46,"column":4},"end":{"line":46,"column":34}},"27":{"start":{"line":49,"column":2},"end":{"line":50,"column":54}},"28":{"start":{"line":52,"column":2},"end":{"line":52,"column":43}},"29":{"start":{"line":53,"column":2},"end":{"line":53,"column":40}},"30":{"start":{"line":55,"column":2},"end":{"line":69,"column":3}},"31":{"start":{"line":56,"column":4},"end":{"line":56,"column":33}},"32":{"start":{"line":58,"column":4},"end":{"line":64,"column":5}},"33":{"start":{"line":59,"column":6},"end":{"line":59,"column":53}},"34":{"start":{"line":61,"column":6},"end":{"line":61,"column":54}},"35":{"start":{"line":62,"column":6},"end":{"line":62,"column":21}},"36":{"start":{"line":63,"column":6},"end":{"line":63,"column":14}},"37":{"start":{"line":66,"column":4},"end":{"line":68,"column":5}},"38":{"start":{"line":67,"column":6},"end":{"line":67,"column":31}},"39":{"start":{"line":72,"column":0},"end":{"line":84,"column":1}},"40":{"start":{"line":73,"column":2},"end":{"line":75,"column":3}},"41":{"start":{"line":74,"column":4},"end":{"line":74,"column":16}},"42":{"start":{"line":77,"column":2},"end":{"line":77,"column":17}},"43":{"start":{"line":78,"column":2},"end":{"line":82,"column":5}},"44":{"start":{"line":79,"column":4},"end":{"line":81,"column":5}},"45":{"start":{"line":80,"column":6},"end":{"line":80,"column":23}},"46":{"start":{"line":83,"column":2},"end":{"line":83,"column":26}},"47":{"start":{"line":86,"column":0},"end":{"line":170,"column":2}},"48":{"start":{"line":87,"column":2},"end":{"line":87,"column":44}},"49":{"start":{"line":88,"column":2},"end":{"line":88,"column":43}},"50":{"start":{"line":89,"column":2},"end":{"line":89,"column":42}},"51":{"start":{"line":90,"column":2},"end":{"line":90,"column":43}},"52":{"start":{"line":91,"column":2},"end":{"line":91,"column":41}},"53":{"start":{"line":92,"column":2},"end":{"line":92,"column":45}},"54":{"start":{"line":93,"column":2},"end":{"line":93,"column":43}},"55":{"start":{"line":94,"column":2},"end":{"line":94,"column":43}},"56":{"start":{"line":95,"column":2},"end":{"line":95,"column":55}},"57":{"start":{"line":96,"column":2},"end":{"line":96,"column":31}},"58":{"start":{"line":99,"column":2},"end":{"line":101,"column":3}},"59":{"start":{"line":100,"column":6},"end":{"line":100,"column":54}},"60":{"start":{"line":102,"column":2},"end":{"line":104,"column":3}},"61":{"start":{"line":103,"column":6},"end":{"line":103,"column":56}},"62":{"start":{"line":105,"column":2},"end":{"line":107,"column":3}},"63":{"start":{"line":106,"column":6},"end":{"line":106,"column":55}},"64":{"start":{"line":108,"column":2},"end":{"line":111,"column":36}},"65":{"start":{"line":113,"column":2},"end":{"line":113,"column":35}},"66":{"start":{"line":115,"column":2},"end":{"line":124,"column":3}},"67":{"start":{"line":116,"column":4},"end":{"line":116,"column":54}},"68":{"start":{"line":117,"column":4},"end":{"line":120,"column":5}},"69":{"start":{"line":118,"column":6},"end":{"line":118,"column":80}},"70":{"start":{"line":119,"column":6},"end":{"line":119,"column":48}},"71":{"start":{"line":121,"column":4},"end":{"line":123,"column":85}},"72":{"start":{"line":126,"column":2},"end":{"line":139,"column":3}},"73":{"start":{"line":127,"column":4},"end":{"line":127,"column":77}},"74":{"start":{"line":128,"column":9},"end":{"line":139,"column":3}},"75":{"start":{"line":129,"column":4},"end":{"line":132,"column":93}},"76":{"start":{"line":134,"column":4},"end":{"line":138,"column":84}},"77":{"start":{"line":141,"column":2},"end":{"line":143,"column":3}},"78":{"start":{"line":142,"column":4},"end":{"line":142,"column":56}},"79":{"start":{"line":145,"column":2},"end":{"line":169,"column":3}},"80":{"start":{"line":146,"column":4},"end":{"line":151,"column":6}},"81":{"start":{"line":153,"column":4},"end":{"line":153,"column":37}},"82":{"start":{"line":155,"column":4},"end":{"line":166,"column":5}},"83":{"start":{"line":156,"column":6},"end":{"line":156,"column":34}},"84":{"start":{"line":157,"column":6},"end":{"line":157,"column":44}},"85":{"start":{"line":159,"column":6},"end":{"line":165,"column":7}},"86":{"start":{"line":160,"column":8},"end":{"line":160,"column":55}},"87":{"start":{"line":162,"column":8},"end":{"line":162,"column":61}},"88":{"start":{"line":163,"column":8},"end":{"line":163,"column":23}},"89":{"start":{"line":164,"column":8},"end":{"line":164,"column":16}},"90":{"start":{"line":168,"column":4},"end":{"line":168,"column":25}},"91":{"start":{"line":172,"column":0},"end":{"line":174,"column":1}},"92":{"start":{"line":173,"column":2},"end":{"line":173,"column":30}},"93":{"start":{"line":176,"column":0},"end":{"line":192,"column":2}},"94":{"start":{"line":177,"column":2},"end":{"line":177,"column":35}},"95":{"start":{"line":178,"column":2},"end":{"line":178,"column":21}},"96":{"start":{"line":179,"column":2},"end":{"line":179,"column":20}},"97":{"start":{"line":180,"column":2},"end":{"line":191,"column":7}},"98":{"start":{"line":181,"column":4},"end":{"line":181,"column":14}},"99":{"start":{"line":182,"column":4},"end":{"line":190,"column":7}},"100":{"start":{"line":183,"column":6},"end":{"line":189,"column":7}},"101":{"start":{"line":184,"column":8},"end":{"line":184,"column":54}},"102":{"start":{"line":185,"column":13},"end":{"line":189,"column":7}},"103":{"start":{"line":186,"column":8},"end":{"line":186,"column":26}},"104":{"start":{"line":188,"column":8},"end":{"line":188,"column":20}},"105":{"start":{"line":193,"column":0},"end":{"line":193,"column":41}},"106":{"start":{"line":194,"column":0},"end":{"line":196,"column":2}},"107":{"start":{"line":195,"column":2},"end":{"line":195,"column":36}},"108":{"start":{"line":198,"column":0},"end":{"line":200,"column":1}},"109":{"start":{"line":199,"column":2},"end":{"line":199,"column":41}},"110":{"start":{"line":202,"column":0},"end":{"line":204,"column":1}},"111":{"start":{"line":203,"column":2},"end":{"line":203,"column":30}}},"branchMap":{"1":{"line":14,"type":"if","locations":[{"start":{"line":14,"column":0},"end":{"line":14,"column":0}},{"start":{"line":14,"column":0},"end":{"line":14,"column":0}}]},"2":{"line":29,"type":"if","locations":[{"start":{"line":29,"column":0},"end":{"line":29,"column":0}},{"start":{"line":29,"column":0},"end":{"line":29,"column":0}}]},"3":{"line":45,"type":"if","locations":[{"start":{"line":45,"column":2},"end":{"line":45,"column":2}},{"start":{"line":45,"column":2},"end":{"line":45,"column":2}}]},"4":{"line":73,"type":"if","locations":[{"start":{"line":73,"column":2},"end":{"line":73,"column":2}},{"start":{"line":73,"column":2},"end":{"line":73,"column":2}}]},"5":{"line":79,"type":"if","locations":[{"start":{"line":79,"column":4},"end":{"line":79,"column":4}},{"start":{"line":79,"column":4},"end":{"line":79,"column":4}}]},"6":{"line":108,"type":"binary-expr","locations":[{"start":{"line":108,"column":20},"end":{"line":108,"column":27}},{"start":{"line":108,"column":31},"end":{"line":108,"column":56}}]},"7":{"line":109,"type":"binary-expr","locations":[{"start":{"line":109,"column":15},"end":{"line":109,"column":25}},{"start":{"line":109,"column":29},"end":{"line":109,"column":34}}]},"8":{"line":115,"type":"if","locations":[{"start":{"line":115,"column":2},"end":{"line":115,"column":2}},{"start":{"line":115,"column":2},"end":{"line":115,"column":2}}]},"9":{"line":115,"type":"binary-expr","locations":[{"start":{"line":115,"column":5},"end":{"line":115,"column":16}},{"start":{"line":115,"column":20},"end":{"line":115,"column":38}}]},"10":{"line":116,"type":"binary-expr","locations":[{"start":{"line":116,"column":21},"end":{"line":116,"column":34}},{"start":{"line":116,"column":38},"end":{"line":116,"column":53}}]},"11":{"line":117,"type":"if","locations":[{"start":{"line":117,"column":4},"end":{"line":117,"column":4}},{"start":{"line":117,"column":4},"end":{"line":117,"column":4}}]},"12":{"line":126,"type":"if","locations":[{"start":{"line":126,"column":2},"end":{"line":126,"column":2}},{"start":{"line":126,"column":2},"end":{"line":126,"column":2}}]},"13":{"line":128,"type":"if","locations":[{"start":{"line":128,"column":9},"end":{"line":128,"column":9}},{"start":{"line":128,"column":9},"end":{"line":128,"column":9}}]},"14":{"line":141,"type":"if","locations":[{"start":{"line":141,"column":2},"end":{"line":141,"column":2}},{"start":{"line":141,"column":2},"end":{"line":141,"column":2}}]},"15":{"line":145,"type":"if","locations":[{"start":{"line":145,"column":2},"end":{"line":145,"column":2}},{"start":{"line":145,"column":2},"end":{"line":145,"column":2}}]},"16":{"line":150,"type":"cond-expr","locations":[{"start":{"line":150,"column":41},"end":{"line":150,"column":53}},{"start":{"line":150,"column":56},"end":{"line":150,"column":60}}]},"17":{"line":183,"type":"if","locations":[{"start":{"line":183,"column":6},"end":{"line":183,"column":6}},{"start":{"line":183,"column":6},"end":{"line":183,"column":6}}]},"18":{"line":185,"type":"if","locations":[{"start":{"line":185,"column":13},"end":{"line":185,"column":13}},{"start":{"line":185,"column":13},"end":{"line":185,"column":13}}]}},"code":["var fs = require('fs');","var mkdirp = require('mkdirp');","var util;","try {","  util = require('util')","} catch(e) {","  util = require('sys')","}","","var path = require('path');","","var filename = __dirname + '/jasmine-1.3.1.js';","var isWindowUndefined = typeof global.window === 'undefined';","if (isWindowUndefined) {","  global.window = {","    setTimeout: setTimeout,","    clearTimeout: clearTimeout,","    setInterval: setInterval,","    clearInterval: clearInterval","  };","}","","var src = fs.readFileSync(filename);","// Put jasmine in the global context, this is somewhat like running in a","// browser where every file will have access to `jasmine`","var jasmine = require('vm').runInThisContext(src + \"\\njasmine;\", filename);","","","if (isWindowUndefined) {","  delete global.window;","}","require(\"./async-callback\");","require(\"jasmine-reporters\");","var nodeReporters = require('./reporter').jasmineNode;","jasmine.TerminalVerboseReporter = nodeReporters.TerminalVerboseReporter;","jasmine.TerminalReporter = nodeReporters.TerminalReporter;","jasmine.TeamcityReporter = nodeReporters.TeamcityReporter;","jasmine.GrowlReporter = require('jasmine-growl-reporter');","","","jasmine.loadHelpersInFolder = function(folder, matcher) {","  // Check to see if the folder is actually a file, if so, back up to the","  // parent directory and find some helpers","  folderStats = fs.statSync(folder);","  if (folderStats.isFile()) {","    folder = path.dirname(folder);","  }","","  var helpers = [],","      helperCollection = require('./spec-collection');","","  helperCollection.load([folder], matcher);","  helpers = helperCollection.getSpecs();","","  for (var i = 0, len = helpers.length; i < len; ++i) {","    var file = helpers[i].path();","","    try {","      var helper = require(file.replace(/\\.*$/, \"\"));","    } catch (e) {","      console.log(\"Exception loading helper: \" + file)","      console.log(e);","      throw e; // If any of the helpers fail to load, fail everything","    }","","    for (var key in helper) {","      global[key]= helper[key];","    }","  }","};","","function removeJasmineFrames(text) {","  if (!text) {","    return text;","  }","","  var lines = [];","  text.split(/\\n/).forEach(function(line){","    if (line.indexOf(filename) == -1) {","      lines.push(line);","    }","  });","  return lines.join('\\n');","}","","jasmine.executeSpecsInFolder = function(options){","  var folders =      options['specFolders'];","  var done   =       options['onComplete'];","  var isVerbose =    options['isVerbose'];","  var showColors =   options['showColors'];","  var teamcity =     options['teamcity'];","  var useRequireJs = options['useRequireJs'];","  var matcher =      options['regExpSpec'];","  var junitreport = options['junitreport'];","  var includeStackTrace = options['includeStackTrace'];","  var growl = options['growl'];","","  // Overwriting it allows us to handle custom async specs","  it = function(desc, func, timeout) {","      return jasmine.getEnv().it(desc, func, timeout);","  }","  beforeEach = function(func, timeout) {","      return jasmine.getEnv().beforeEach(func, timeout);","  }","  afterEach = function(func, timeout) {","      return jasmine.getEnv().afterEach(func, timeout);","  }","  var fileMatcher = matcher || new RegExp(\".(js)$\", \"i\"),","      colors = showColors || false,","      specs = require('./spec-collection'),","      jasmineEnv = jasmine.getEnv();","","  specs.load(folders, fileMatcher);","","  if(junitreport && junitreport.report) {","    var existsSync = fs.existsSync || path.existsSync;","    if(!existsSync(junitreport.savePath)) {","      util.puts('creating junit xml report save path: ' + junitreport.savePath);","      mkdirp.sync(junitreport.savePath, \"0755\");","    }","    jasmineEnv.addReporter(new jasmine.JUnitXmlReporter(junitreport.savePath,","                                                        junitreport.consolidate,","                                                        junitreport.useDotNotation));","  }","","  if(teamcity){","    jasmineEnv.addReporter(new jasmine.TeamcityReporter({onComplete: done}));","  } else if(isVerbose) {","    jasmineEnv.addReporter(new jasmine.TerminalVerboseReporter({ print: print,","                                                         color:       showColors,","                                                         onComplete:  done,","                                                         stackFilter: removeJasmineFrames}));","  } else {","    jasmineEnv.addReporter(new jasmine.TerminalReporter({print: print,","                                                color: showColors,","                                                includeStackTrace: includeStackTrace,","                                                onComplete:  done,","                                                stackFilter: removeJasmineFrames}));","  }","","  if (growl) {","    jasmineEnv.addReporter(new jasmine.GrowlReporter());","  }","","  if (useRequireJs) {","    require('./requirejs-runner').executeJsRunner(","      specs,","      done,","      jasmineEnv,","      typeof useRequireJs === 'string' ? useRequireJs : null","    );","  } else {","    var specsList = specs.getSpecs();","","    for (var i = 0, len = specsList.length; i < len; ++i) {","      var filename = specsList[i];","      delete require.cache[filename.path()];","      // Catch exceptions in loading the spec","      try {","        require(filename.path().replace(/\\.\\w+$/, \"\"));","      } catch (e) {","        console.log(\"Exception loading: \" + filename.path());","        console.log(e);","        throw e;","      }","    }","","    jasmineEnv.execute();","  }","};","","function now(){","  return new Date().getTime();","}","","jasmine.asyncSpecWait = function(){","  var wait = jasmine.asyncSpecWait;","  wait.start = now();","  wait.done = false;","  (function innerWait(){","    waits(10);","    runs(function() {","      if (wait.start + wait.timeout < now()) {","        expect('timeout waiting for spec').toBeNull();","      } else if (wait.done) {","        wait.done = false;","      } else {","        innerWait();","      }","    });","  })();","};","jasmine.asyncSpecWait.timeout = 4 * 1000;","jasmine.asyncSpecDone = function(){","  jasmine.asyncSpecWait.done = true;","};","","function print(str) {","  process.stdout.write(util.format(str));","}","","for ( var key in jasmine) {","  exports[key] = jasmine[key];","}",""],"l":{"1":1,"2":1,"3":1,"4":1,"5":1,"7":0,"10":1,"12":1,"13":1,"14":1,"15":1,"23":1,"26":1,"29":1,"30":1,"32":1,"33":1,"34":1,"35":1,"36":1,"37":1,"38":1,"41":1,"44":0,"45":0,"46":0,"49":0,"52":0,"53":0,"55":0,"56":0,"58":0,"59":0,"61":0,"62":0,"63":0,"66":0,"67":0,"72":1,"73":0,"74":0,"77":0,"78":0,"79":0,"80":0,"83":0,"86":1,"87":0,"88":0,"89":0,"90":0,"91":0,"92":0,"93":0,"94":0,"95":0,"96":0,"99":0,"100":0,"102":0,"103":0,"105":0,"106":0,"108":0,"113":0,"115":0,"116":0,"117":0,"118":0,"119":0,"121":0,"126":0,"127":0,"128":0,"129":0,"134":0,"141":0,"142":0,"145":0,"146":0,"153":0,"155":0,"156":0,"157":0,"159":0,"160":0,"162":0,"163":0,"164":0,"168":0,"172":1,"173":0,"176":1,"177":0,"178":0,"179":0,"180":0,"181":0,"182":0,"183":0,"184":0,"185":0,"186":0,"188":0,"193":1,"194":1,"195":0,"198":1,"199":0,"202":1,"203":61}},"/home/travis/build/npmtest/node-npmtest-jasmine-node/node_modules/jasmine-node/lib/jasmine-node/async-callback.js":{"path":"/home/travis/build/npmtest/node-npmtest-jasmine-node/node_modules/jasmine-node/lib/jasmine-node/async-callback.js","s":{"1":1,"2":1,"3":1,"4":3,"5":3,"6":71,"7":71,"8":71,"9":0,"10":71,"11":5,"12":71,"13":5,"14":5,"15":0,"16":71,"17":1,"18":71,"19":1,"20":71,"21":1,"22":0,"23":0,"24":0,"25":0,"26":0,"27":0,"28":0,"29":0,"30":0,"31":0,"32":0,"33":0,"34":0,"35":0},"b":{"1":[0,71],"2":[5,66],"3":[5,66],"4":[71,71],"5":[71,71,66],"6":[0,0],"7":[0,0],"8":[0,0],"9":[0,0]},"f":{"1":1,"2":3,"3":71,"4":0,"5":71,"6":71,"7":0,"8":0,"9":0,"10":0},"fnMap":{"1":{"name":"(anonymous_1)","line":1,"loc":{"start":{"line":1,"column":1},"end":{"line":1,"column":12}}},"2":{"name":"(anonymous_2)","line":4,"loc":{"start":{"line":4,"column":46},"end":{"line":4,"column":72}}},"3":{"name":"(anonymous_3)","line":6,"loc":{"start":{"line":6,"column":56},"end":{"line":6,"column":67}}},"4":{"name":"(anonymous_4)","line":22,"loc":{"start":{"line":22,"column":26},"end":{"line":22,"column":37}}},"5":{"name":"isLastArgumentATimeout","line":30,"loc":{"start":{"line":30,"column":4},"end":{"line":31,"column":4}}},"6":{"name":"isLastArgumentAnAsyncSpecFunction","line":35,"loc":{"start":{"line":35,"column":4},"end":{"line":36,"column":4}}},"7":{"name":"asyncSpec","line":40,"loc":{"start":{"line":40,"column":4},"end":{"line":40,"column":52}}},"8":{"name":"(anonymous_8)","line":43,"loc":{"start":{"line":43,"column":18},"end":{"line":43,"column":29}}},"9":{"name":"(anonymous_9)","line":45,"loc":{"start":{"line":45,"column":47},"end":{"line":45,"column":63}}},"10":{"name":"(anonymous_10)","line":54,"loc":{"start":{"line":54,"column":29},"end":{"line":54,"column":40}}}},"statementMap":{"1":{"start":{"line":1,"column":0},"end":{"line":61,"column":14}},"2":{"start":{"line":2,"column":4},"end":{"line":2,"column":26}},"3":{"start":{"line":4,"column":4},"end":{"line":28,"column":7}},"4":{"start":{"line":5,"column":8},"end":{"line":5,"column":79}},"5":{"start":{"line":6,"column":8},"end":{"line":27,"column":10}},"6":{"start":{"line":7,"column":12},"end":{"line":7,"column":64}},"7":{"start":{"line":8,"column":12},"end":{"line":8,"column":31}},"8":{"start":{"line":9,"column":12},"end":{"line":18,"column":13}},"9":{"start":{"line":10,"column":16},"end":{"line":10,"column":37}},"10":{"start":{"line":16,"column":19},"end":{"line":18,"column":13}},"11":{"start":{"line":17,"column":16},"end":{"line":17,"column":27}},"12":{"start":{"line":19,"column":12},"end":{"line":25,"column":13}},"13":{"start":{"line":21,"column":16},"end":{"line":21,"column":46}},"14":{"start":{"line":22,"column":16},"end":{"line":24,"column":19}},"15":{"start":{"line":23,"column":20},"end":{"line":23,"column":66}},"16":{"start":{"line":26,"column":12},"end":{"line":26,"column":67}},"17":{"start":{"line":30,"column":4},"end":{"line":33,"column":5}},"18":{"start":{"line":32,"column":8},"end":{"line":32,"column":76}},"19":{"start":{"line":35,"column":4},"end":{"line":38,"column":5}},"20":{"start":{"line":37,"column":8},"end":{"line":37,"column":112}},"21":{"start":{"line":40,"column":4},"end":{"line":59,"column":5}},"22":{"start":{"line":41,"column":8},"end":{"line":41,"column":87}},"23":{"start":{"line":41,"column":29},"end":{"line":41,"column":87}},"24":{"start":{"line":42,"column":8},"end":{"line":42,"column":25}},"25":{"start":{"line":43,"column":8},"end":{"line":53,"column":11}},"26":{"start":{"line":44,"column":12},"end":{"line":52,"column":13}},"27":{"start":{"line":45,"column":16},"end":{"line":48,"column":19}},"28":{"start":{"line":46,"column":20},"end":{"line":46,"column":32}},"29":{"start":{"line":47,"column":20},"end":{"line":47,"column":63}},"30":{"start":{"line":47,"column":39},"end":{"line":47,"column":63}},"31":{"start":{"line":50,"column":16},"end":{"line":50,"column":28}},"32":{"start":{"line":51,"column":16},"end":{"line":51,"column":24}},"33":{"start":{"line":54,"column":8},"end":{"line":58,"column":40}},"34":{"start":{"line":55,"column":12},"end":{"line":57,"column":13}},"35":{"start":{"line":56,"column":16},"end":{"line":56,"column":28}}},"branchMap":{"1":{"line":9,"type":"if","locations":[{"start":{"line":9,"column":12},"end":{"line":9,"column":12}},{"start":{"line":9,"column":12},"end":{"line":9,"column":12}}]},"2":{"line":16,"type":"if","locations":[{"start":{"line":16,"column":19},"end":{"line":16,"column":19}},{"start":{"line":16,"column":19},"end":{"line":16,"column":19}}]},"3":{"line":19,"type":"if","locations":[{"start":{"line":19,"column":12},"end":{"line":19,"column":12}},{"start":{"line":19,"column":12},"end":{"line":19,"column":12}}]},"4":{"line":32,"type":"binary-expr","locations":[{"start":{"line":32,"column":15},"end":{"line":32,"column":30}},{"start":{"line":32,"column":34},"end":{"line":32,"column":75}}]},"5":{"line":37,"type":"binary-expr","locations":[{"start":{"line":37,"column":15},"end":{"line":37,"column":30}},{"start":{"line":37,"column":34},"end":{"line":37,"column":77}},{"start":{"line":37,"column":81},"end":{"line":37,"column":111}}]},"6":{"line":41,"type":"if","locations":[{"start":{"line":41,"column":8},"end":{"line":41,"column":8}},{"start":{"line":41,"column":8},"end":{"line":41,"column":8}}]},"7":{"line":41,"type":"binary-expr","locations":[{"start":{"line":41,"column":39},"end":{"line":41,"column":78}},{"start":{"line":41,"column":82},"end":{"line":41,"column":86}}]},"8":{"line":47,"type":"if","locations":[{"start":{"line":47,"column":20},"end":{"line":47,"column":20}},{"start":{"line":47,"column":20},"end":{"line":47,"column":20}}]},"9":{"line":55,"type":"if","locations":[{"start":{"line":55,"column":12},"end":{"line":55,"column":12}},{"start":{"line":55,"column":12},"end":{"line":55,"column":12}}]}},"code":["(function() {","    var withoutAsync = {};","","    [\"it\", \"beforeEach\", \"afterEach\"].forEach(function(jasmineFunction) {","        withoutAsync[jasmineFunction] = jasmine.Env.prototype[jasmineFunction];","        return jasmine.Env.prototype[jasmineFunction] = function() {","            var args = Array.prototype.slice.call(arguments, 0);","            var timeout = null;","            if (isLastArgumentATimeout(args)) {","                timeout = args.pop();","                // The changes to the jasmine test runner causes undef to be passed when","                // calling all it()'s now. If the last argument isn't a timeout and the","                // last argument IS undefined, let's just pop it off. Since out of bounds","                // items are undefined anyways, *hopefully* removing an undef item won't","                // hurt.","            } else if (args[args.length-1] == undefined) {","                args.pop();","            }","            if (isLastArgumentAnAsyncSpecFunction(args))","            {","                var specFunction = args.pop();","                args.push(function() {","                    return asyncSpec(specFunction, this, timeout);","                });","            }","            return withoutAsync[jasmineFunction].apply(this, args);","        };","    });","","    function isLastArgumentATimeout(args)","    {","        return args.length > 0 && (typeof args[args.length-1]) === \"number\";","    }","","    function isLastArgumentAnAsyncSpecFunction(args)","    {","        return args.length > 0 && (typeof args[args.length-1]) === \"function\" && args[args.length-1].length > 0;","    }","","    function asyncSpec(specFunction, spec, timeout) {","        if (timeout == null) timeout = jasmine.getEnv().defaultTimeoutInterval || 1000;","        var done = false;","        spec.runs(function() {","            try {","                return specFunction.call(spec, function(error) {","                    done = true;","                    if (error != null) return spec.fail(error);","                });","            } catch (e) {","                done = true;","                throw e;","            }","        });","        return spec.waitsFor(function() {","            if (done === true) {","                return true;","            }","        }, \"spec to complete\", timeout);","    };","","}).call(this);",""],"l":{"1":1,"2":1,"4":1,"5":3,"6":3,"7":71,"8":71,"9":71,"10":0,"16":71,"17":5,"19":71,"21":5,"22":5,"23":0,"26":71,"30":1,"32":71,"35":1,"37":71,"40":1,"41":0,"42":0,"43":0,"44":0,"45":0,"46":0,"47":0,"50":0,"51":0,"54":0,"55":0,"56":0}},"/home/travis/build/npmtest/node-npmtest-jasmine-node/node_modules/jasmine-node/lib/jasmine-node/reporter.js":{"path":"/home/travis/build/npmtest/node-npmtest-jasmine-node/node_modules/jasmine-node/lib/jasmine-node/reporter.js","s":{"1":1,"2":1,"3":1,"4":1,"5":0,"6":1,"7":1,"8":1,"9":0,"10":0,"11":0,"12":0,"13":0,"14":0,"15":0,"16":0,"17":0,"18":0,"19":0,"20":0,"21":1,"22":0,"23":0,"24":0,"25":0,"26":0,"27":0,"28":0,"29":0,"30":0,"31":0,"32":0,"33":0,"34":0,"35":0,"36":0,"37":0,"38":0,"39":0,"40":0,"41":0,"42":0,"43":0,"44":0,"45":0,"46":0,"47":0,"48":0,"49":0,"50":0,"51":0,"52":0,"53
[...]
orter.failures_ = new Array();","        this.reporter.failures_.push(failure);","","        this.reporter.reportFailures_();","","        var generatedOutput =","                 [ [ '\\n' ],","                 [ '\\n' ],","                 [ '  1) the spec' ],","                 [ '   Message:' ],","                 [ '     the message' ] ];","","        expect(this.printLineSpy).toHaveBeenCalled();","        expect(this.printLineSpy.argsForCall).toEqual(generatedOutput);","","        expect(this.printSpy).toHaveBeenCalled();","        expect(this.printSpy.argsForCall[0]).toEqual(['Failures:']);","        expect(this.printSpy.argsForCall[1]).toBeUndefined();","    });","  });","});","","describe('TerminalVerboseReporter', function() {","  beforeEach(function() {","    var config = {}","    this.verboseReporter = new jasmineNode.TerminalVerboseReporter(config);","    this.addFailureToFailuresSpy = spyOn(this.verboseReporter, 'addFailureToFailures_');","    this.spec = {","      id: 23,","      results: function() {","        return {","          failedCount: 1,","          getItems: function() {","            return [\"this is the message\"];","          }","        }","      }","    };","  });","","  describe('#reportSpecResults', function() {","    it('adds the spec to the failures_', function() {","      this.verboseReporter.reportSpecResults(this.spec);","","      expect(this.addFailureToFailuresSpy).toHaveBeenCalledWith(this.spec);","    });","","    it('adds a new object to the specResults_', function() {","      this.verboseReporter.reportSpecResults(this.spec);","","      expect(this.verboseReporter.specResults_[23].messages).toEqual(['this is the message']);","      expect(this.verboseReporter.specResults_[23].result).toEqual('failed');","    });","  });","","  describe('#buildMessagesFromResults_', function() {","    beforeEach(function() {","      this.suite = {","        id: 17,","        type: 'suite',","        name: 'a describe block',","        suiteNestingLevel: 0,","        children: [],","        getFullName: function() { return \"A spec\"; },","      };","","      this.spec = {","        id: 23,","        type: 'spec',","        name: 'a spec block',","        children: []","      };","","      this.verboseReporter.specResults_['23'] = {","        result: 'passed',","        runtime: 200","      };","","      this.verboseReporter.suiteResults_['17'] = {","        runtime: 500","      };","","    });","","    it('does not build anything when the results collection is empty', function() {","      var results = [],","          messages = [];","","      this.verboseReporter.buildMessagesFromResults_(messages, results);","","      expect(messages.length).toEqual(0);","    });","","    it('adds a single suite to the messages', function() {","      var results = [],","          messages = [];","","      results.push(this.suite);","","      this.verboseReporter.buildMessagesFromResults_(messages, results);","","      expect(messages.length).toEqual(2);","      expect(messages[0]).toEqual('');","      expect(messages[1]).toEqual('a describe block - 500 ms');","    });","","    it('adds a single spec with success to the messages', function() {","      var results = [],","          messages = [];","","      this.passSpy = spyOn(this.verboseReporter.color_, 'pass');","","      results.push(this.spec);","","      this.verboseReporter.buildMessagesFromResults_(messages, results);","","      expect(this.passSpy).toHaveBeenCalled();","      expect(messages.length).toEqual(1);","      expect(messages[0]).toEqual('a spec block - 200 ms');","    });","","    it('adds a single spec with failure to the messages', function() {","      var results = [],","          messages = [];","","      this.verboseReporter.specResults_['23'].result = 'failed';","","      this.passSpy = spyOn(this.verboseReporter.color_, 'pass');","      this.failSpy = spyOn(this.verboseReporter.color_, 'fail');","","      results.push(this.spec);","","      this.verboseReporter.buildMessagesFromResults_(messages, results);","","      expect(this.failSpy).toHaveBeenCalled();","      expect(this.passSpy).not.toHaveBeenCalled();","    });","","    it('adds a suite, a suite and a single spec with success to the messages', function() {","      var results = [],","          messages = [];","","      var subSuite = new Object();","      subSuite.id = '29';","      subSuite.type = 'suite';","      subSuite.name = 'a sub describe block';","      subSuite.suiteNestingLevel = 1;","      subSuite.children = [];","      subSuite.children.push(this.spec);","","      this.suite.children.push(subSuite);","      results.push(this.suite);","","      this.verboseReporter.suiteResults_['29'] = {","        runtime: 350","      };","","      this.verboseReporter.buildMessagesFromResults_(messages, results);","","      expect(messages.length).toEqual(5);","      expect(messages[0]).toEqual('');","      expect(messages[1]).toEqual('a describe block - 500 ms');","      expect(messages[2]).toEqual('');","      expect(messages[3]).toEqual('    a sub describe block - 350 ms');","      expect(messages[4]).toEqual('        a spec block - 200 ms');","    });","  });","});",""],"l":{"1":1,"3":1,"4":1,"5":0,"6":0,"9":1,"10":1,"11":0,"12":0,"13":0,"16":1,"17":0,"18":0,"19":0,"22":1,"23":0,"24":0,"25":0,"28":1,"29":0,"30":0,"31":0,"34":1,"35":0,"36":0,"37":0,"40":1,"41":0,"42":0,"43":0,"46":1,"47":0,"48":0,"49":0,"52":1,"53":0,"54":0,"55":0,"58":1,"59":0,"60":0,"61":0,"64":1,"65":0,"66":0,"67":0,"68":0,"72":1,"73":1,"74":0,"76":0,"78":0,"79":0,"80":0,"81":0,"84":0,"87":1,"88":0,"91":1,"93":0,"94":0,"97":1,"98":0,"99":0,"103":1,"104":1,"105":0,"112":1,"113":0,"115":0,"116":0,"117":0,"118":0,"121":1,"122":0,"123":0,"124":0,"125":0,"126":0,"128":0,"129":0,"130":0,"131":0,"133":0,"134":0,"138":1,"139":1,"140":0,"143":1,"144":0,"145":0,"148":0,"150":0,"152":0,"153":0,"155":0,"157":0,"159":0,"161":0,"162":0,"163":0,"167":1,"168":1,"169":0,"170":0,"175":0,"176":0,"178":0,"183":1,"184":0,"185":0,"188":1,"189":0,"190":0,"191":0,"192":0,"194":0,"196":0,"198":0,"200":0,"201":0,"205":1,"206":1,"207":0,"209":0,"213":0,"215":0,"216":0,"223":0,"224":0,"227":0,"231":0,"233":0,"234":0,"235":0,"236":0,"237":0,"238":0,"242":1,"243":1,"244":0,"246":0,"250":0,"253":0,"254":0,"256":0,"259":0,"262":0,"263":0,"268":1,"269":0,"270":0,"274":1,"275":1,"276":0,"277":0,"280":1,"281":0,"283":0,"285":0,"288":1,"289":0,"295":0,"296":0,"298":0,"300":0,"308":0,"309":0,"311":0,"312":0,"313":0,"316":1,"317":0,"318":0,"319":0,"320":0,"322":0,"328":0,"329":0,"331":0,"333":0,"340":0,"341":0,"343":0,"344":0,"345":0,"350":1,"351":1,"352":0,"353":0,"354":0,"355":0,"358":0,"361":0,"368":1,"369":1,"370":0,"372":0,"375":1,"376":0,"378":0,"379":0,"383":1,"384":1,"385":0,"391":0,"394":0,"401":0,"406":0,"412":1,"413":0,"416":0,"418":0,"421":1,"422":0,"425":0,"427":0,"429":0,"430":0,"431":0,"434":1,"435":0,"438":0,"440":0,"442":0,"444":0,"445":0,"446":0,"449":1,"450":0,"453":0,"455":0,"456":0,"458":0,"460":0,"462":0,"463":0,"466":1,"467":0,"470":0,"471":0,"472":0,"473":0,"474":0,"475":0,"476":0,"478":0,"479":0,"481":0,"485":0,"487":0,"488":0,"489":0,"490":0,"491":0,"492":0}},"/home/travis/build/npmtest/node-npmtest-jasmine-node/node_modules/jasmine-node/spec/sample_helper.js":{"path":"/home/travis/build/npmtest/node-npmtest-jasmine-node/node_modules/jasmine-node/spec/sample_helper.js","s":{"1":1,"2":1,"3":1,"4":1,"5":0,"6":0,"7":0},"b":{},"f":{"1":1,"2":0},"fnMap":{"1":{"name":"(anonymous_1)","line":1,"loc":{"start":{"line":1,"column":1},"end":{"line":1,"column":11}}},"2":{"name":"(anonymous_2)","line":6,"loc":{"start":{"line":6,"column":46},"end":{"line":6,"column":61}}}},"statementMap":{"1":{"start":{"line":1,"column":0},"end":{"line":15,"column":5}},"2":{"start":{"line":3,"column":2},"end":{"line":3,"column":49}},"3":{"start":{"line":4,"column":2},"end":{"line":4,"column":64}},"4":{"start":{"line":6,"column":2},"end":{"line":13,"column":3}},"5":{"start":{"line":7,"column":6},"end":{"line":12,"column":7}},"6":{"start":{"line":8,"column":8},"end":{"line":8,"column":35}},"7":{"start":{"line":11,"column":8},"end":{"line":11,"column":21}}},"branchMap":{},"code":["(function(){","","  var objectToString = Object.prototype.toString;","  var PRIMITIVE_TYPES = [String, Number, RegExp, Boolean, Date];","","  jasmine.Matchers.prototype.toHaveProperty = function(prop) {","      try {","        return prop in this.actual;","      }","      catch (e) {","        return false;","      }","  }","","})();",""],"l":{"1":1,"3":1,"4":1,"6":1,"7":0,"8":0,"11":0}},"/home/travis/build/npmtest/node-npmtest-jasmine-node/node_modules/jasmine-node/spec-requirejs/requirejs-setup.js":{"path":"/home/travis/build/npmtest/node-npmtest-jasmine-node/node_modules/jasmine-node/spec-requirejs/requirejs-setup.js","s":{"1":2,"2":0},"b":{},"f":{},"fnMap":{},"statementMap":{"1":{"start":{"line":10,"column":0},"end":{"line":10,"column":104}},"2":{"start":{"line":13,"column":0},"end":{"line":13,"column":23}}},"branchMap":{},"code":["/** Custom RequireJS setup file to test user-specified setup files */","","/* We want to minimize behavior changes between this test setup file and the"," * default setup file to avoid breaking tests which rely on any (current or"," * future) default behavior.  So we:"," * - Run the normal setup file"," * - Avoid introducing additional global variables"," * - Avoid maintaining two copies of the setup file"," */","eval(require('fs').readFileSync(baseUrl + '../lib/jasmine-node/requirejs-wrapper-template.js', 'utf8'));","","// This is our indicator that this custom setup script has run","var setupHasRun = true;",""],"l":{"10":2,"13":0}},"/home/travis/build/npmtest/node-npmtest-jasmine-node/node_modules/jasmine-node/spec-requirejs/requirejs-wrapper-template.js":{"path":"/home/travis/build/npmtest/node-npmtest-jasmine-node/node_modules/jasmine-node/spec-requirejs/requirejs-wrapper-template.js","s":{"1":2,"2":0,"3":0,"4":0,"5":0,"6":0,"7":0,"8":0,"9":0,"10":0,"11":2,"12":0,"13":0,"14":0,"15":0,"16":0,"17":0,"18":0,"19":0,"20":0,"21":0,"22":0,"23":0,"24":0,"25":0,"26":0,"27":0},"b":{"1":[0,0],"2":[0,0],"3":[0,0],"4":[0,0],"5":[0,0]},"f":{"1":0,"2":0,"3":0,"4":0},"fnMap":{"1":{"name":"(anonymous_1)","line":17,"loc":{"start":{"line":17,"column":14},"end":{"line":17,"column":26}}},"2":{"name":"(anonymous_2)","line":20,"loc":{"start":{"line":20,"column":17},"end":{"line":20,"column":29}}},"3":{"name":"(anonymous_3)","line":23,"loc":{"start":{"line":23,"column":16},"end":{"line":23,"column":40}}},"4":{"name":"(anonymous_4)","line":51,"loc":{"start":{"line":51,"column":19},"end":{"line":51,"column":35}}}},"statementMap":{"1":{"start":{"line":13,"column":0},"end":{"line":37,"column":6}},"2":{"start":{"line":18,"column":6},"end":{"line":18,"column":51}},"3":{"start":{"line":21,"column":6},"end":{"line":21,"column":54}},"4":{"start":{"line":24,"column":6},"end":{"line":24,"column":17}},"5":{"start":{"line":26,"column":6},"end":{"line":34,"column":7}},"6":{"start":{"line":27,"column":8},"end":{"line":31,"column":9}},"7":{"start":{"line":28,"column":10},"end":{"line":28,"column":63}},"8":{"start":{"line":30,"column":10},"end":{"line":30,"column":53}},"9":{"start":{"line":33,"column":8},"end":{"line":33,"column":47}},"10":{"start":{"line":36,"column":6},"end":{"line":36,"column":20}},"11":{"start":{"line":39,"column":0},"end":{"line":45,"column":3}},"12":{"start":{"line":47,"column":0},"end":{"line":49,"column":1}},"13":{"start":{"line":48,"column":2},"end":{"line":48,"column":38}},"14":{"start":{"line":51,"column":0},"end":{"line":75,"column":2}},"15":{"start":{"line":52,"column":2},"end":{"line":52,"column":25}},"16":{"start":{"line":54,"column":2},"end":{"line":56,"column":3}},"17":{"start":{"line":55,"column":4},"end":{"line":55,"column":37}},"18":{"start":{"line":58,"column":2},"end":{"line":72,"column":3}},"19":{"start":{"line":59,"column":4},"end":{"line":61,"column":18}},"20":{"start":{"line":63,"column":4},"end":{"line":69,"column":5}},"21":{"start":{"line":64,"column":6},"end":{"line":68,"column":7}},"22":{"start":{"line":65,"column":8},"end":{"line":65,"column":34}},"23":{"start":{"line":67,"column":8},"end":{"line":67,"column":38}},"24":{"start":{"line":71,"column":4},"end":{"line":71,"column":33}},"25":{"start":{"line":74,"column":2},"end":{"line":74,"column":45}},"26":{"start":{"line":77,"column":0},"end":{"line":77,"column":20}},"27":{"start":{"line":78,"column":0},"end":{"line":78,"column":26}}},"branchMap":{"1":{"line":26,"type":"if","locations":[{"start":{"line":26,"column":6},"end":{"line":26,"column":6}},{"start":{"line":26,"column":6},"end":{"line":26,"column":6}}]},"2":{"line":26,"type":"binary-expr","locations":[{"start":{"line":26,"column":9},"end":{"line":26,"column":23}},{"start":{"line":26,"column":27},"end":{"line":26,"column":51}}]},"3":{"line":27,"type":"if","locations":[{"start":{"line":27,"column":8},"end":{"line":27,"column":8}},{"start":{"line":27,"column":8},"end":{"line":27,"column":8}}]},"4":{"line":58,"type":"if","locations":[{"start":{"line":58,"column":2},"end":{"line":58,"column":2}},{"start":{"line":58,"column":2},"end":{"line":58,"column":2}}]},"5":{"line":64,"type":"if","locations":[{"start":{"line":64,"column":6},"end":{"line":64,"column":6}},{"start":{"line":64,"column":6},"end":{"line":64,"column":6}}]}},"code":["/* Setup file run before spec files to setup the context (and RequireJS"," * specifically) to execute the spec file."," *"," * Defined by caller:"," * - Jasmine predefines"," * - require (Node require)"," * - __dirname, __filename"," * - baseUrl (Relative path to the directory containing this file)"," * - csPath (Path to require-cs module)"," *"," * See requirejs-runner source for full invocation details."," */","var define,","    requirejsOrig = require('requirejs'),","    ostring = Object.prototype.toString,","    path = require('path'),","    isArray = function(it){","      return ostring.call(it) === '[object Array]';","    },","    isFunction = function(it){","      return ostring.call(it) === '[object Function]';","    },","    requirejs = function(deps, callback){","      var retVal;","","      if(!isArray(deps) && typeof deps !== 'string'){","        if(isArray(callback)){","          retVal = requirejsOrig(deps, callback, arguments[2]);","        } else {","          retVal = requirejsOrig(deps, [], callback);","        }","      } else {","        retVal = requirejsOrig(deps, callback);","      }","","      return retVal;","    };","","requirejsOrig.config({"," baseUrl: baseUrl,"," nodeRequire: require,"," paths: {","  cs: csPath"," }","});","","for(var key in requirejsOrig) {","  requirejs[key] = requirejsOrig[key];","}","","requirejs.config = function(config){","  var alteredConfig = {};","","  for(var key in config) {","    alteredConfig[key] = config[key];","  }","","  if(alteredConfig.baseUrl){","    var base = baseUrl.replace(/\\\\/g, '/'),","        splitUrl = alteredConfig.baseUrl.replace(/\\\\/g, '/').split('/'),","        index = 0;","","    for(; index < splitUrl.length; index++){","      if(splitUrl[index] === '..'){","        base = path.dirname(base);","      } else {","        base += '/' + splitUrl[index];","      }","    }","","    alteredConfig.baseUrl = base;","  }","","  return requirejsOrig.config(alteredConfig);","};","","require = requirejs;","define = requirejs.define;",""],"l":{"13":2,"18":0,"21":0,"24":0,"26":0,"27":0,"28":0,"30":0,"33":0,"36":0,"39":2,"47":0,"48":0,"51":0,"52":0,"54":0,"55":0,"58":0,"59":0,"63":0,"64":0,"65":0,"67":0,"71":0,"74":0,"77":0,"78":0}},"/home/travis/build/npmtest/node-npmtest-jasmine-node/node_modules/jasmine-node/spec-requirejs/requirejs.spec.js":{"path":"/home/travis/build/npmtest/node-npmtest-jasmine-node/node_modules/jasmine-node/spec-requirejs/requirejs.spec.js","s":{"1":2,"2":0,"3":0,"4":0,"5":0,"6":0,"7":0,"8":0,"9":0,"10":0,"11":0},"b":{},"f":{"1":0,"2":0,"3":0,"4":0,"5":0,"6":0},"fnMap":{"1":{"name":"(anonymous_1)","line":1,"loc":{"start":{"line":1,"column":27},"end":{"line":1,"column":40}}},"2":{"name":"(anonymous_2)","line":2,"loc":{"start":{"line":2,"column":36},"end":{"line":2,"column":46}}},"3":{"name":"(anonymous_3)","line":3,"loc":{"start":{"line":3,"column":15},"end":{"line":3,"column":25}}},"4":{"name":"(anonymous_4)","line":6,"loc":{"start":{"line":6,"column":14},"end":{"line":6,"column":24}}},"5":{"name":"(anonymous_5)","line":10,"loc":{"start":{"line":10,"column":26},"end":{"line":10,"column":36}}},"6":{"name":"(anonymous_6)","line":15,"loc":{"start":{"line":15,"column":27},"end":{"line":15,"column":37}}}},"statementMap":{"1":{"start":{"line":1,"column":0},"end":{"line":19,"column":3}},"2":{"start":{"line":2,"column":2},"end":{"line":18,"column":5}},"3":{"start":{"line":3,"column":4},"end":{"line":5,"column":7}},"4":{"start":{"line":4,"column":8},"end":{"line":4,"column":34}},"5":{"start":{"line":6,"column":4},"end":{"line":8,"column":7}},"6":{"start":{"line":7,"column":8},"end":{"line":7,"column":34}},"7":{"start":{"line":10,"column":4},"end":{"line":13,"column":7}},"8":{"start":{"line":11,"column":6},"end":{"line":11,"column":47}},"9":{"start":{"line":12,"column":6},"end":{"line":12,"column":36}},"10":{"start":{"line":15,"column":4},"end":{"line":17,"column":7}},"11":{"start":{"line":16,"column":6},"end":{"line":16,"column":49}}},"branchMap":{},"code":["require(['requirejs.sut'], function(sut){","  describe('RequireJs basic tests', function(){","    beforeEach(function(){","        expect(true).toBeTruthy();","    });","    afterEach(function(){","        expect(true).toBeTruthy();","    });","    ","    it('should load sut', function(){","      expect(sut.name).toBe('Subject To Test');","      expect(sut.method(2)).toBe(3);","    });","","    it('should run setup', function(){","      expect(typeof setupHasRun).toBe('boolean');","    });","  });","});",""],"l":{"1":2,"2":0,"3":0,"4":0,"6":0,"7":0,"10":0,"11":0,"12":0,"15":0,"16":0}},"/home/travis/build/npmtest/node-npmtest-jasmine-node/node_modules/jasmine-node/spec-requirejs/requirejs.sut.js":{"path":"/home/travis/build/npmtest/node-npmtest-jasmine-node/node_modules/jasmine-node/spec-requirejs/requirejs.sut.js","s":{"1":2,"2":0,"3":0},"b":{},"f":{"1":0,"2":0},"fnMap":{"1":{"name":"(anonymous_1)","line":1,"loc":{"start":{"line":1,"column":7},"end":{"line":1,"column":17}}},"2":{"name":"(anonymous_2)","line":4,"loc":{"start":{"line":4,"column":12},"end":{"line":4,"column":27}}}},"statementMap":{"1":{"start":{"line":1,"column":0},"end":{"line":8,"column":3}},"2":{"start":{"line":2,"column":2},"end":{"line":7,"column":4}},"3":{"start":{"line":5,"column":6},"end":{"line":5,"column":21}}},"branchMap":{},"code":["define(function(){","  return {","    name: 'Subject To Test',","    method: function(input){","      return 1+input;","    }","  };","});",""],"l":{"1":2,"2":0,"5":0}},"/home/travis/build/npmtest/node-npmtest-jasmine-node/node_modules/jasmine-node/spec-requirejs-coffee/requirejs-setup.js":{"path":"/home/travis/build/npmtest/node-npmtest-jasmine-node/node_modules/jasmine-node/spec-requirejs-coffee/requirejs-setup.js","s":{"1":2,"2":0},"b":{},"f":{},"fnMap":{},"statementMap":{"1":{"start":{"line":10,"column":0},"end":{"line":10,"column":104}},"2":{"start":{"line":13,"column":0},"end":{"line":13,"column":23}}},"branchMap":{},"code":["/** Custom RequireJS setup file to test user-specified setup files */","","/* We want to minimize behavior changes between this test setup file and the"," * default setup file to avoid breaking tests which rely on any (current or"," * future) default behavior.  So we:"," * - Run the normal setup file"," * - Avoid introducing additional global variables"," * - Avoid maintaining two copies of the setup file"," */","eval(require('fs').readFileSync(baseUrl + '../lib/jasmine-node/requirejs-wrapper-template.js', 'utf8'));","","// This is our indicator that this custom setup script has run","var setupHasRun = true;",""],"l":{"10":2,"13":0}}}